#
# A fatal error has been detected by the Java Runtime Environment:
#
#  SIGSEGV (0xb) at pc=0x0000000131f426f4, pid=10826, tid=5891
#
# JRE version: OpenJDK Runtime Environment (11.0.4+10) (build 11.0.4+10-b304.77)
# Java VM: OpenJDK 64-Bit Server VM (11.0.4+10-b304.77, mixed mode, tiered, compressed oops, g1 gc, bsd-amd64)
# Problematic frame:
# C  [libavcodec.58.dylib+0x32c6f4]  avpriv_h264_has_num_reorder_frames+0x960f4
#
# No core dump will be written. Core dumps have been disabled. To enable core dumping, try "ulimit -c unlimited" before starting Java again
#
# If you would like to submit a bug report, please visit:
#   http://bugreport.java.com/bugreport/crash.jsp
# The crash happened outside the Java Virtual Machine in native code.
# See problematic frame for where to report the bug.
#

---------------  S U M M A R Y ------------

Command Line: -javaagent:/Users/alexworland/Library/Caches/IdeaIC2019.2/testAgent/intellij-coverage-agent-1.0.508.jar=/private/var/folders/02/13p03_t92c73m790kz679x6c0000gn/T/coverage1args -javaagent:/Applications/IntelliJ IDEA CE.app/Contents/lib/idea_rt.jar=62340:/Applications/IntelliJ IDEA CE.app/Contents/bin -Dfile.encoding=UTF-8 Main

Host: MacBookPro13,3 x86_64 2600 MHz, 8 cores, 16G, Darwin 19.0.0
Time: Thu Nov  7 01:52:21 2019 PST elapsed time: 2 seconds (0d 0h 0m 2s)

---------------  T H R E A D  ---------------

Current thread (0x00007fc72d804800):  JavaThread "main" [_thread_in_native, id=5891, stack(0x000070000a185000,0x000070000a285000)]

Stack: [0x000070000a185000,0x000070000a285000],  sp=0x000070000a283c10,  free space=1019k
Native frames: (J=compiled Java code, A=aot compiled Java code, j=interpreted, Vv=VM code, C=native code)
C  [libavcodec.58.dylib+0x32c6f4]  avpriv_h264_has_num_reorder_frames+0x960f4

Java frames: (J=compiled Java code, j=interpreted, Vv=VM code)
j  org.bytedeco.javacpp.avcodec.avcodec_decode_video2(Lorg/bytedeco/javacpp/avcodec$AVCodecContext;Lorg/bytedeco/javacpp/avutil$AVFrame;[ILorg/bytedeco/javacpp/avcodec$AVPacket;)I+0
j  org.bytedeco.javacv.FFmpegFrameGrabber.grabFrame(ZZZZ)Lorg/bytedeco/javacv/Frame;+804
j  org.bytedeco.javacv.FFmpegFrameGrabber.grab()Lorg/bytedeco/javacv/Frame;+18
j  Main.main([Ljava/lang/String;)V+801
v  ~StubRoutines::call_stub

siginfo: si_signo: 11 (SIGSEGV), si_code: 1 (SEGV_MAPERR), si_addr: 0x0000000000000028

Register to memory mapping:

RAX=0x00007fc72e2f5600 points into unknown readable memory: 34 00 03 11 1b 01 01 01
RBX=0x00000000000000cc is an unknown value
RCX=0x0000000000000002 is an unknown value
RDX=0x00000000000005e4 is an unknown value
RSP=0x000070000a283c10 is pointing into the stack for thread: 0x00007fc72d804800
RBP=0x0000000000000002 is an unknown value
RSI=0x0 is NULL
RDI=0x00007fc72e2dda00 points into unknown readable memory: 70 00 e1 33 01 00 00 00
R8 =0xa87df117889700e9 is an unknown value
R9 =0x000070000a283bf2 is pointing into the stack for thread: 0x00007fc72d804800
R10=0x00007fc72e2f5600 points into unknown readable memory: 34 00 03 11 1b 01 01 01
R11=0x0000000000000f00 is an unknown value
R12=0x0000000000000002 is an unknown value
R13=0x00000000000000cc is an unknown value
R14=0x0000000000000001 is an unknown value
R15=0x00000000000005e4 is an unknown value


Registers:
RAX=0x00007fc72e2f5600, RBX=0x00000000000000cc, RCX=0x0000000000000002, RDX=0x00000000000005e4
RSP=0x000070000a283c10, RBP=0x0000000000000002, RSI=0x0000000000000000, RDI=0x00007fc72e2dda00
R8 =0xa87df117889700e9, R9 =0x000070000a283bf2, R10=0x00007fc72e2f5600, R11=0x0000000000000f00
R12=0x0000000000000002, R13=0x00000000000000cc, R14=0x0000000000000001, R15=0x00000000000005e4
RIP=0x0000000131f426f4, EFLAGS=0x0000000000010202, ERR=0x0000000000000004
  TRAPNO=0x000000000000000e

Top of Stack: (sp=0x000070000a283c10)
0x000070000a283c10:   0000000000000000 0000000000000000
0x000070000a283c20:   0000000000000000 0000000001000000
0x000070000a283c30:   0000017800010204 00007fc72e2f5600
0x000070000a283c40:   0000000200000001 0000000000000000
0x000070000a283c50:   00000000000000cc 0000000000000000
0x000070000a283c60:   0000000000000000 0000000000000000
0x000070000a283c70:   0000000000000000 00000000000005e4
0x000070000a283c80:   a87df117889700e9 00000000000000cc
0x000070000a283c90:   0000000000000002 00007fc72e2dda00
0x000070000a283ca0:   0000000000000001 00000000000005e4
0x000070000a283cb0:   0000000000000002 0000000131f60398
0x000070000a283cc0:   0000000000000000 00007fc72e2f5780
0x000070000a283cd0:   0000000000000000 00007fc72e2f5600
0x000070000a283ce0:   0000000100000000 0000000000000005
0x000070000a283cf0:   00000000000000ba 0000000000000000
0x000070000a283d00:   01f601f601f601f6 01f601f601f601f6
0x000070000a283d10:   0000000133ba01f6 00007fc72e2f5600
0x000070000a283d20:   0000000000000001 0000000400000000
0x000070000a283d30:   00000000000005e0 0000000000000000
0x000070000a283d40:   0000000100030405 0000000000000000
0x000070000a283d50:   0000000300000008 000003c000000008
0x000070000a283d60:   00000000000000c8 00007fc72e2f5600
0x000070000a283d70:   0000000100000008 00000000000000cc
0x000070000a283d80:   0000000000000000 0000000000000000
0x000070000a283d90:   a87df117889700e9 00000000000000c8
0x000070000a283da0:   0000000000000002 00007fc72e2dda00
0x000070000a283db0:   0000000000000001 00000000000005e0
0x000070000a283dc0:   00000000000000cc 0000000131f5f33c
0x000070000a283dd0:   00007fc7000000c8 00007fc700000003
0x000070000a283de0:   0000000000000002 0000000100000001
0x000070000a283df0:   00007fc700000003 0000000100000000
0x000070000a283e00:   0000000000000000 0000000000000000 

Instructions: (pc=0x0000000131f426f4)
0x0000000131f425f4:   dd 40 0f 95 c6 85 d3 0f 95 c3 41 80 b8 cb 00 00
0x0000000131f42604:   00 00 75 0d 09 e8 74 09 41 8b 90 44 01 00 00 eb
0x0000000131f42614:   17 41 80 b8 5c 01 00 00 00 41 0f 94 80 cb 00 00
0x0000000131f42624:   00 0f be 97 44 0d 00 00 40 20 f3 84 c9 89 d0 74
0x0000000131f42634:   19 44 89 f0 41 0f af c1 41 8d 44 03 ff 48 98 48
0x0000000131f42644:   8b 8f 40 2d 00 00 0f be 04 01 84 db 74 18 41 ff
0x0000000131f42654:   ce 45 0f af f1 45 01 de 49 63 ce 48 8b 97 40 2d
0x0000000131f42664:   00 00 0f be 14 0a 8d 44 10 01 d1 f8 41 8b 88 48
0x0000000131f42674:   01 00 00 85 c9 74 32 41 8b b2 8c 34 00 00 01 c1
0x0000000131f42684:   8d 3c 71 8d 44 71 34 8d 6e 34 b9 cd ff ff ff 29
0x0000000131f42694:   f1 31 d2 85 c0 0f 4e d1 8d 4c 3a 34 89 c8 99 f7
0x0000000131f426a4:   fd 29 f2 8d 44 3a 34 29 c8 41 88 80 40 01 00 00
0x0000000131f426b4:   5b 41 5e 41 5f 5d c3 0f 1f 44 00 00 55 41 57 41
0x0000000131f426c4:   56 41 55 41 54 53 48 83 ec 78 89 4c 24 34 41 89
0x0000000131f426d4:   d5 4c 89 6c 24 40 89 f2 48 89 54 24 68 48 8b 87
0x0000000131f426e4:   10 01 00 00 48 89 44 24 28 48 8b b7 e8 0e 00 00
0x0000000131f426f4:   4c 8b 7e 28 48 8b af 80 04 00 00 49 89 fc 8b 85
0x0000000131f42704:   10 34 00 00 89 44 24 74 44 8b 8d 1c 34 00 00 8b
0x0000000131f42714:   85 68 34 00 00 89 44 24 4c 45 89 e8 44 88 c9 41
0x0000000131f42724:   d3 f8 44 0f af c0 4c 89 44 24 10 89 d0 44 88 c9
0x0000000131f42734:   d3 f8 48 89 44 24 58 41 8d 04 00 48 98 48 8d 04
0x0000000131f42744:   40 41 8a 44 87 0a 88 44 24 23 45 85 ed 0f 9f c0
0x0000000131f42754:   41 f6 c5 07 0f 94 c3 20 c3 0f b6 c3 83 f8 01 8b
0x0000000131f42764:   85 60 34 00 00 89 44 24 30 0f 85 e9 01 00 00 41
0x0000000131f42774:   80 bc 24 02 0d 00 00 00 75 29 48 8b 44 24 28 f6
0x0000000131f42784:   80 8c 7a 00 00 04 74 1b 8a 8d 18 34 00 00 bf 01
0x0000000131f42794:   00 00 00 d3 e7 44 89 e8 99 f7 ff 85 d2 0f 84 b5
0x0000000131f427a4:   01 00 00 49 8b 84 24 88 04 00 00 80 78 35 00 75
0x0000000131f427b4:   11 48 8b 44 24 28 8b b8 8c 7a 00 00 40 f6 c7 08
0x0000000131f427c4:   75 15 84 db 0f 84 8e 01 00 00 48 8b 44 24 28 8b
0x0000000131f427d4:   b8 8c 7a 00 00 eb 1b 8a 8d 18 34 00 00 bd 01 00
0x0000000131f427e4:   00 00 d3 e5 44 89 e8 99 f7 fd 85 d2 0f 84 66 01 


Stack slot to memory mapping:
stack at sp + 0 slots: 0x0 is NULL
stack at sp + 1 slots: 0x0 is NULL
stack at sp + 2 slots: 0x0 is NULL
stack at sp + 3 slots: 0x0000000001000000 is an unknown value
stack at sp + 4 slots: 0x0000017800010204 is an unknown value
stack at sp + 5 slots: 0x00007fc72e2f5600 points into unknown readable memory: 34 00 03 11 1b 01 01 01
stack at sp + 6 slots: 0x0000000200000001 is an unknown value
stack at sp + 7 slots: 0x0 is NULL


---------------  P R O C E S S  ---------------

Threads class SMR info:
_java_thread_list=0x00007fc72c31e2a0, length=19, elements={
0x00007fc72d804800, 0x00007fc72b004000, 0x00007fc72b800800, 0x00007fc72d8eb000,
0x00007fc72d8e5800, 0x00007fc72e001000, 0x00007fc72b828000, 0x00007fc72b022000,
0x00007fc72b867800, 0x00007fc72b0f6800, 0x00007fc72e825800, 0x00007fc72f035800,
0x00007fc72b9e9800, 0x00007fc72ba74800, 0x00007fc72ba72800, 0x00007fc72db0e800,
0x00007fc72d3b5800, 0x00007fc72b96b800, 0x00007fc72f031800
}

Java Threads: ( => current thread )
=>0x00007fc72d804800 JavaThread "main" [_thread_in_native, id=5891, stack(0x000070000a185000,0x000070000a285000)]
  0x00007fc72b004000 JavaThread "Reference Handler" daemon [_thread_blocked, id=13059, stack(0x000070000a89a000,0x000070000a99a000)]
  0x00007fc72b800800 JavaThread "Finalizer" daemon [_thread_blocked, id=13827, stack(0x000070000a99d000,0x000070000aa9d000)]
  0x00007fc72d8eb000 JavaThread "Signal Dispatcher" daemon [_thread_blocked, id=17155, stack(0x000070000aba6000,0x000070000aca6000)]
  0x00007fc72d8e5800 JavaThread "C2 CompilerThread0" daemon [_thread_in_native, id=16387, stack(0x000070000aca9000,0x000070000ada9000)]
  0x00007fc72e001000 JavaThread "C1 CompilerThread0" daemon [_thread_blocked, id=15875, stack(0x000070000adac000,0x000070000aeac000)]
  0x00007fc72b828000 JavaThread "Sweeper thread" daemon [_thread_blocked, id=22019, stack(0x000070000aeaf000,0x000070000afaf000)]
  0x00007fc72b022000 JavaThread "Common-Cleaner" daemon [_thread_blocked, id=22787, stack(0x000070000afb2000,0x000070000b0b2000)]
  0x00007fc72b867800 JavaThread "Monitor Ctrl-Break" daemon [_thread_in_native, id=43011, stack(0x000070000b0b5000,0x000070000b1b5000)]
  0x00007fc72b0f6800 JavaThread "Service Thread" daemon [_thread_blocked, id=42499, stack(0x000070000b1b8000,0x000070000b2b8000)]
  0x00007fc72e825800 JavaThread "JavaCPP Deallocator" daemon [_thread_blocked, id=23811, stack(0x000070000b3be000,0x000070000b4be000)]
  0x00007fc72f035800 JavaThread "Attach Listener" daemon [_thread_blocked, id=25603, stack(0x000070000b9d0000,0x000070000bad0000)]
  0x00007fc72b9e9800 JavaThread "Timer-0" daemon [_thread_blocked, id=34307, stack(0x000070000bc5c000,0x000070000bd5c000)]
  0x00007fc72ba74800 JavaThread "Java Sound Event Dispatcher" daemon [_thread_blocked, id=34051, stack(0x000070000bd5f000,0x000070000be5f000)]
  0x00007fc72ba72800 JavaThread "JitterCorrector" daemon [_thread_blocked, id=44291, stack(0x000070000bee5000,0x000070000bfe5000)]
  0x00007fc72db0e800 JavaThread "AudioPusher" daemon [_thread_blocked, id=84995, stack(0x000070000bfe8000,0x000070000c0e8000)]
  0x00007fc72d3b5800 JavaThread "Thread-3" [_thread_in_native, id=84483, stack(0x000070000c0eb000,0x000070000c1eb000)]
  0x00007fc72b96b800 JavaThread "JitterCorrector" daemon [_thread_blocked, id=44803, stack(0x000070000c1ee000,0x000070000c2ee000)]
  0x00007fc72f031800 JavaThread "AudioPusher" daemon [_thread_blocked, id=83459, stack(0x000070000c2f1000,0x000070000c3f1000)]

Other Threads:
  0x00007fc72e002800 VMThread "VM Thread" [stack: 0x000070000a797000,0x000070000a897000] [id=19459]
  0x00007fc72d021800 WatcherThread [stack: 0x000070000b2bb000,0x000070000b3bb000] [id=41987]
  0x00007fc72e805800 GCTaskThread "GC Thread#0" [stack: 0x000070000a288000,0x000070000a388000] [id=21251]
  0x00007fc72b2fa000 GCTaskThread "GC Thread#1" [stack: 0x000070000b4c1000,0x000070000b5c1000] [id=24323]
  0x00007fc72b00d800 GCTaskThread "GC Thread#2" [stack: 0x000070000b5c4000,0x000070000b6c4000] [id=24835]
  0x00007fc72b11d800 GCTaskThread "GC Thread#3" [stack: 0x000070000b6c7000,0x000070000b7c7000] [id=41219]
  0x00007fc72b80d800 GCTaskThread "GC Thread#4" [stack: 0x000070000b7ca000,0x000070000b8ca000] [id=40963]
  0x00007fc72b8a2800 GCTaskThread "GC Thread#5" [stack: 0x000070000b8cd000,0x000070000b9cd000] [id=40451]
  0x00007fc72d845000 ConcurrentGCThread "G1 Main Marker" [stack: 0x000070000a38b000,0x000070000a48b000] [id=11523]
  0x00007fc72d846000 ConcurrentGCThread "G1 Conc#0" [stack: 0x000070000a48e000,0x000070000a58e000] [id=20227]
  0x00007fc72d8c6800 ConcurrentGCThread "G1 Refine#0" [stack: 0x000070000a591000,0x000070000a691000] [id=12291]
  0x00007fc72d8c7800 ConcurrentGCThread "G1 Young RemSet Sampling" [stack: 0x000070000a694000,0x000070000a794000] [id=19715]

Threads with active compile tasks:
C2 CompilerThread01749       4       com.sun.media.sound.SoftPerformer::extractKeys (147 bytes)

VM state:not at safepoint (normal execution)

VM Mutex/Monitor currently owned by a thread: None

Heap address: 0x0000000700000000, size: 4096 MB, Compressed Oops mode: Zero based, Oop shift amount: 3
Narrow klass base: 0x0000000800000000, Narrow klass shift: 0
Compressed class space size: 1073741824 Address: 0x0000000800000000

Heap:
 garbage-first heap   total 262144K, used 67660K [0x0000000700000000, 0x0000000800000000)
  region size 1024K, 63 young (64512K), 3 survivors (3072K)
 Metaspace       used 14632K, capacity 14965K, committed 15104K, reserved 1062912K
  class space    used 1384K, capacity 1516K, committed 1536K, reserved 1048576K
Heap Regions: E=young(eden), S=young(survivor), O=old, HS=humongous(starts), HC=humongous(continues), CS=collection set, F=free, A=archive, TAMS=top-at-mark-start (previous, next)
|   0|0x0000000700000000, 0x0000000700100000, 0x0000000700100000|100%| O|  |TAMS 0x0000000700000000, 0x0000000700000000| Untracked 
|   1|0x0000000700100000, 0x0000000700200000, 0x0000000700200000|100%| O|  |TAMS 0x0000000700100000, 0x0000000700100000| Untracked 
|   2|0x0000000700200000, 0x0000000700213000, 0x0000000700300000|  7%| O|  |TAMS 0x0000000700200000, 0x0000000700200000| Untracked 
|   3|0x0000000700300000, 0x0000000700400000, 0x0000000700400000|100%|HS|  |TAMS 0x0000000700300000, 0x0000000700300000| Complete 
|   4|0x0000000700400000, 0x0000000700500000, 0x0000000700500000|100%|HC|  |TAMS 0x0000000700400000, 0x0000000700400000| Complete 
|   5|0x0000000700500000, 0x0000000700500000, 0x0000000700600000|  0%| F|  |TAMS 0x0000000700500000, 0x0000000700500000| Untracked 
|   6|0x0000000700600000, 0x0000000700600000, 0x0000000700700000|  0%| F|  |TAMS 0x0000000700600000, 0x0000000700600000| Untracked 
|   7|0x0000000700700000, 0x0000000700700000, 0x0000000700800000|  0%| F|  |TAMS 0x0000000700700000, 0x0000000700700000| Untracked 
|   8|0x0000000700800000, 0x0000000700800000, 0x0000000700900000|  0%| F|  |TAMS 0x0000000700800000, 0x0000000700800000| Untracked 
|   9|0x0000000700900000, 0x0000000700900000, 0x0000000700a00000|  0%| F|  |TAMS 0x0000000700900000, 0x0000000700900000| Untracked 
|  10|0x0000000700a00000, 0x0000000700a00000, 0x0000000700b00000|  0%| F|  |TAMS 0x0000000700a00000, 0x0000000700a00000| Untracked 
|  11|0x0000000700b00000, 0x0000000700b00000, 0x0000000700c00000|  0%| F|  |TAMS 0x0000000700b00000, 0x0000000700b00000| Untracked 
|  12|0x0000000700c00000, 0x0000000700c00000, 0x0000000700d00000|  0%| F|  |TAMS 0x0000000700c00000, 0x0000000700c00000| Untracked 
|  13|0x0000000700d00000, 0x0000000700d00000, 0x0000000700e00000|  0%| F|  |TAMS 0x0000000700d00000, 0x0000000700d00000| Untracked 
|  14|0x0000000700e00000, 0x0000000700e00000, 0x0000000700f00000|  0%| F|  |TAMS 0x0000000700e00000, 0x0000000700e00000| Untracked 
|  15|0x0000000700f00000, 0x0000000700f00000, 0x0000000701000000|  0%| F|  |TAMS 0x0000000700f00000, 0x0000000700f00000| Untracked 
|  16|0x0000000701000000, 0x0000000701000000, 0x0000000701100000|  0%| F|  |TAMS 0x0000000701000000, 0x0000000701000000| Untracked 
|  17|0x0000000701100000, 0x0000000701100000, 0x0000000701200000|  0%| F|  |TAMS 0x0000000701100000, 0x0000000701100000| Untracked 
|  18|0x0000000701200000, 0x0000000701200000, 0x0000000701300000|  0%| F|  |TAMS 0x0000000701200000, 0x0000000701200000| Untracked 
|  19|0x0000000701300000, 0x0000000701300000, 0x0000000701400000|  0%| F|  |TAMS 0x0000000701300000, 0x0000000701300000| Untracked 
|  20|0x0000000701400000, 0x0000000701400000, 0x0000000701500000|  0%| F|  |TAMS 0x0000000701400000, 0x0000000701400000| Untracked 
|  21|0x0000000701500000, 0x0000000701500000, 0x0000000701600000|  0%| F|  |TAMS 0x0000000701500000, 0x0000000701500000| Untracked 
|  22|0x0000000701600000, 0x0000000701600000, 0x0000000701700000|  0%| F|  |TAMS 0x0000000701600000, 0x0000000701600000| Untracked 
|  23|0x0000000701700000, 0x0000000701700000, 0x0000000701800000|  0%| F|  |TAMS 0x0000000701700000, 0x0000000701700000| Untracked 
|  24|0x0000000701800000, 0x0000000701800000, 0x0000000701900000|  0%| F|  |TAMS 0x0000000701800000, 0x0000000701800000| Untracked 
|  25|0x0000000701900000, 0x0000000701900000, 0x0000000701a00000|  0%| F|  |TAMS 0x0000000701900000, 0x0000000701900000| Untracked 
|  26|0x0000000701a00000, 0x0000000701a00000, 0x0000000701b00000|  0%| F|  |TAMS 0x0000000701a00000, 0x0000000701a00000| Untracked 
|  27|0x0000000701b00000, 0x0000000701b00000, 0x0000000701c00000|  0%| F|  |TAMS 0x0000000701b00000, 0x0000000701b00000| Untracked 
|  28|0x0000000701c00000, 0x0000000701c00000, 0x0000000701d00000|  0%| F|  |TAMS 0x0000000701c00000, 0x0000000701c00000| Untracked 
|  29|0x0000000701d00000, 0x0000000701d00000, 0x0000000701e00000|  0%| F|  |TAMS 0x0000000701d00000, 0x0000000701d00000| Untracked 
|  30|0x0000000701e00000, 0x0000000701e00000, 0x0000000701f00000|  0%| F|  |TAMS 0x0000000701e00000, 0x0000000701e00000| Untracked 
|  31|0x0000000701f00000, 0x0000000701f00000, 0x0000000702000000|  0%| F|  |TAMS 0x0000000701f00000, 0x0000000701f00000| Untracked 
|  32|0x0000000702000000, 0x0000000702000000, 0x0000000702100000|  0%| F|  |TAMS 0x0000000702000000, 0x0000000702000000| Untracked 
|  33|0x0000000702100000, 0x0000000702100000, 0x0000000702200000|  0%| F|  |TAMS 0x0000000702100000, 0x0000000702100000| Untracked 
|  34|0x0000000702200000, 0x0000000702200000, 0x0000000702300000|  0%| F|  |TAMS 0x0000000702200000, 0x0000000702200000| Untracked 
|  35|0x0000000702300000, 0x0000000702300000, 0x0000000702400000|  0%| F|  |TAMS 0x0000000702300000, 0x0000000702300000| Untracked 
|  36|0x0000000702400000, 0x0000000702400000, 0x0000000702500000|  0%| F|  |TAMS 0x0000000702400000, 0x0000000702400000| Untracked 
|  37|0x0000000702500000, 0x0000000702500000, 0x0000000702600000|  0%| F|  |TAMS 0x0000000702500000, 0x0000000702500000| Untracked 
|  38|0x0000000702600000, 0x0000000702600000, 0x0000000702700000|  0%| F|  |TAMS 0x0000000702600000, 0x0000000702600000| Untracked 
|  39|0x0000000702700000, 0x0000000702700000, 0x0000000702800000|  0%| F|  |TAMS 0x0000000702700000, 0x0000000702700000| Untracked 
|  40|0x0000000702800000, 0x0000000702800000, 0x0000000702900000|  0%| F|  |TAMS 0x0000000702800000, 0x0000000702800000| Untracked 
|  41|0x0000000702900000, 0x0000000702900000, 0x0000000702a00000|  0%| F|  |TAMS 0x0000000702900000, 0x0000000702900000| Untracked 
|  42|0x0000000702a00000, 0x0000000702a00000, 0x0000000702b00000|  0%| F|  |TAMS 0x0000000702a00000, 0x0000000702a00000| Untracked 
|  43|0x0000000702b00000, 0x0000000702b00000, 0x0000000702c00000|  0%| F|  |TAMS 0x0000000702b00000, 0x0000000702b00000| Untracked 
|  44|0x0000000702c00000, 0x0000000702c00000, 0x0000000702d00000|  0%| F|  |TAMS 0x0000000702c00000, 0x0000000702c00000| Untracked 
|  45|0x0000000702d00000, 0x0000000702d00000, 0x0000000702e00000|  0%| F|  |TAMS 0x0000000702d00000, 0x0000000702d00000| Untracked 
|  46|0x0000000702e00000, 0x0000000702e00000, 0x0000000702f00000|  0%| F|  |TAMS 0x0000000702e00000, 0x0000000702e00000| Untracked 
|  47|0x0000000702f00000, 0x0000000702f00000, 0x0000000703000000|  0%| F|  |TAMS 0x0000000702f00000, 0x0000000702f00000| Untracked 
|  48|0x0000000703000000, 0x0000000703000000, 0x0000000703100000|  0%| F|  |TAMS 0x0000000703000000, 0x0000000703000000| Untracked 
|  49|0x0000000703100000, 0x0000000703100000, 0x0000000703200000|  0%| F|  |TAMS 0x0000000703100000, 0x0000000703100000| Untracked 
|  50|0x0000000703200000, 0x0000000703200000, 0x0000000703300000|  0%| F|  |TAMS 0x0000000703200000, 0x0000000703200000| Untracked 
|  51|0x0000000703300000, 0x0000000703300000, 0x0000000703400000|  0%| F|  |TAMS 0x0000000703300000, 0x0000000703300000| Untracked 
|  52|0x0000000703400000, 0x0000000703400000, 0x0000000703500000|  0%| F|  |TAMS 0x0000000703400000, 0x0000000703400000| Untracked 
|  53|0x0000000703500000, 0x0000000703500000, 0x0000000703600000|  0%| F|  |TAMS 0x0000000703500000, 0x0000000703500000| Untracked 
|  54|0x0000000703600000, 0x0000000703600000, 0x0000000703700000|  0%| F|  |TAMS 0x0000000703600000, 0x0000000703600000| Untracked 
|  55|0x0000000703700000, 0x0000000703700000, 0x0000000703800000|  0%| F|  |TAMS 0x0000000703700000, 0x0000000703700000| Untracked 
|  56|0x0000000703800000, 0x0000000703800000, 0x0000000703900000|  0%| F|  |TAMS 0x0000000703800000, 0x0000000703800000| Untracked 
|  57|0x0000000703900000, 0x0000000703900000, 0x0000000703a00000|  0%| F|  |TAMS 0x0000000703900000, 0x0000000703900000| Untracked 
|  58|0x0000000703a00000, 0x0000000703a00000, 0x0000000703b00000|  0%| F|  |TAMS 0x0000000703a00000, 0x0000000703a00000| Untracked 
|  59|0x0000000703b00000, 0x0000000703b00000, 0x0000000703c00000|  0%| F|  |TAMS 0x0000000703b00000, 0x0000000703b00000| Untracked 
|  60|0x0000000703c00000, 0x0000000703c00000, 0x0000000703d00000|  0%| F|  |TAMS 0x0000000703c00000, 0x0000000703c00000| Untracked 
|  61|0x0000000703d00000, 0x0000000703d00000, 0x0000000703e00000|  0%| F|  |TAMS 0x0000000703d00000, 0x0000000703d00000| Untracked 
|  62|0x0000000703e00000, 0x0000000703e00000, 0x0000000703f00000|  0%| F|  |TAMS 0x0000000703e00000, 0x0000000703e00000| Untracked 
|  63|0x0000000703f00000, 0x0000000703f00000, 0x0000000704000000|  0%| F|  |TAMS 0x0000000703f00000, 0x0000000703f00000| Untracked 
|  64|0x0000000704000000, 0x0000000704000000, 0x0000000704100000|  0%| F|  |TAMS 0x0000000704000000, 0x0000000704000000| Untracked 
|  65|0x0000000704100000, 0x0000000704100000, 0x0000000704200000|  0%| F|  |TAMS 0x0000000704100000, 0x0000000704100000| Untracked 
|  66|0x0000000704200000, 0x0000000704200000, 0x0000000704300000|  0%| F|  |TAMS 0x0000000704200000, 0x0000000704200000| Untracked 
|  67|0x0000000704300000, 0x0000000704300000, 0x0000000704400000|  0%| F|  |TAMS 0x0000000704300000, 0x0000000704300000| Untracked 
|  68|0x0000000704400000, 0x0000000704400000, 0x0000000704500000|  0%| F|  |TAMS 0x0000000704400000, 0x0000000704400000| Untracked 
|  69|0x0000000704500000, 0x0000000704500000, 0x0000000704600000|  0%| F|  |TAMS 0x0000000704500000, 0x0000000704500000| Untracked 
|  70|0x0000000704600000, 0x0000000704600000, 0x0000000704700000|  0%| F|  |TAMS 0x0000000704600000, 0x0000000704600000| Untracked 
|  71|0x0000000704700000, 0x0000000704700000, 0x0000000704800000|  0%| F|  |TAMS 0x0000000704700000, 0x0000000704700000| Untracked 
|  72|0x0000000704800000, 0x0000000704800000, 0x0000000704900000|  0%| F|  |TAMS 0x0000000704800000, 0x0000000704800000| Untracked 
|  73|0x0000000704900000, 0x0000000704900000, 0x0000000704a00000|  0%| F|  |TAMS 0x0000000704900000, 0x0000000704900000| Untracked 
|  74|0x0000000704a00000, 0x0000000704a00000, 0x0000000704b00000|  0%| F|  |TAMS 0x0000000704a00000, 0x0000000704a00000| Untracked 
|  75|0x0000000704b00000, 0x0000000704b00000, 0x0000000704c00000|  0%| F|  |TAMS 0x0000000704b00000, 0x0000000704b00000| Untracked 
|  76|0x0000000704c00000, 0x0000000704c00000, 0x0000000704d00000|  0%| F|  |TAMS 0x0000000704c00000, 0x0000000704c00000| Untracked 
|  77|0x0000000704d00000, 0x0000000704d00000, 0x0000000704e00000|  0%| F|  |TAMS 0x0000000704d00000, 0x0000000704d00000| Untracked 
|  78|0x0000000704e00000, 0x0000000704e00000, 0x0000000704f00000|  0%| F|  |TAMS 0x0000000704e00000, 0x0000000704e00000| Untracked 
|  79|0x0000000704f00000, 0x0000000704f00000, 0x0000000705000000|  0%| F|  |TAMS 0x0000000704f00000, 0x0000000704f00000| Untracked 
|  80|0x0000000705000000, 0x0000000705000000, 0x0000000705100000|  0%| F|  |TAMS 0x0000000705000000, 0x0000000705000000| Untracked 
|  81|0x0000000705100000, 0x0000000705100000, 0x0000000705200000|  0%| F|  |TAMS 0x0000000705100000, 0x0000000705100000| Untracked 
|  82|0x0000000705200000, 0x0000000705200000, 0x0000000705300000|  0%| F|  |TAMS 0x0000000705200000, 0x0000000705200000| Untracked 
|  83|0x0000000705300000, 0x0000000705300000, 0x0000000705400000|  0%| F|  |TAMS 0x0000000705300000, 0x0000000705300000| Untracked 
|  84|0x0000000705400000, 0x0000000705400000, 0x0000000705500000|  0%| F|  |TAMS 0x0000000705400000, 0x0000000705400000| Untracked 
|  85|0x0000000705500000, 0x0000000705500000, 0x0000000705600000|  0%| F|  |TAMS 0x0000000705500000, 0x0000000705500000| Untracked 
|  86|0x0000000705600000, 0x0000000705600000, 0x0000000705700000|  0%| F|  |TAMS 0x0000000705600000, 0x0000000705600000| Untracked 
|  87|0x0000000705700000, 0x0000000705700000, 0x0000000705800000|  0%| F|  |TAMS 0x0000000705700000, 0x0000000705700000| Untracked 
|  88|0x0000000705800000, 0x0000000705800000, 0x0000000705900000|  0%| F|  |TAMS 0x0000000705800000, 0x0000000705800000| Untracked 
|  89|0x0000000705900000, 0x0000000705900000, 0x0000000705a00000|  0%| F|  |TAMS 0x0000000705900000, 0x0000000705900000| Untracked 
|  90|0x0000000705a00000, 0x0000000705a00000, 0x0000000705b00000|  0%| F|  |TAMS 0x0000000705a00000, 0x0000000705a00000| Untracked 
|  91|0x0000000705b00000, 0x0000000705b00000, 0x0000000705c00000|  0%| F|  |TAMS 0x0000000705b00000, 0x0000000705b00000| Untracked 
|  92|0x0000000705c00000, 0x0000000705c00000, 0x0000000705d00000|  0%| F|  |TAMS 0x0000000705c00000, 0x0000000705c00000| Untracked 
|  93|0x0000000705d00000, 0x0000000705d00000, 0x0000000705e00000|  0%| F|  |TAMS 0x0000000705d00000, 0x0000000705d00000| Untracked 
|  94|0x0000000705e00000, 0x0000000705e00000, 0x0000000705f00000|  0%| F|  |TAMS 0x0000000705e00000, 0x0000000705e00000| Untracked 
|  95|0x0000000705f00000, 0x0000000705f00000, 0x0000000706000000|  0%| F|  |TAMS 0x0000000705f00000, 0x0000000705f00000| Untracked 
|  96|0x0000000706000000, 0x0000000706000000, 0x0000000706100000|  0%| F|  |TAMS 0x0000000706000000, 0x0000000706000000| Untracked 
|  97|0x0000000706100000, 0x0000000706100000, 0x0000000706200000|  0%| F|  |TAMS 0x0000000706100000, 0x0000000706100000| Untracked 
|  98|0x0000000706200000, 0x0000000706200000, 0x0000000706300000|  0%| F|  |TAMS 0x0000000706200000, 0x0000000706200000| Untracked 
|  99|0x0000000706300000, 0x0000000706300000, 0x0000000706400000|  0%| F|  |TAMS 0x0000000706300000, 0x0000000706300000| Untracked 
| 100|0x0000000706400000, 0x0000000706400000, 0x0000000706500000|  0%| F|  |TAMS 0x0000000706400000, 0x0000000706400000| Untracked 
| 101|0x0000000706500000, 0x0000000706500000, 0x0000000706600000|  0%| F|  |TAMS 0x0000000706500000, 0x0000000706500000| Untracked 
| 102|0x0000000706600000, 0x0000000706600000, 0x0000000706700000|  0%| F|  |TAMS 0x0000000706600000, 0x0000000706600000| Untracked 
| 103|0x0000000706700000, 0x0000000706700000, 0x0000000706800000|  0%| F|  |TAMS 0x0000000706700000, 0x0000000706700000| Untracked 
| 104|0x0000000706800000, 0x0000000706800000, 0x0000000706900000|  0%| F|  |TAMS 0x0000000706800000, 0x0000000706800000| Untracked 
| 105|0x0000000706900000, 0x0000000706900000, 0x0000000706a00000|  0%| F|  |TAMS 0x0000000706900000, 0x0000000706900000| Untracked 
| 106|0x0000000706a00000, 0x0000000706a00000, 0x0000000706b00000|  0%| F|  |TAMS 0x0000000706a00000, 0x0000000706a00000| Untracked 
| 107|0x0000000706b00000, 0x0000000706b00000, 0x0000000706c00000|  0%| F|  |TAMS 0x0000000706b00000, 0x0000000706b00000| Untracked 
| 108|0x0000000706c00000, 0x0000000706c00000, 0x0000000706d00000|  0%| F|  |TAMS 0x0000000706c00000, 0x0000000706c00000| Untracked 
| 109|0x0000000706d00000, 0x0000000706d00000, 0x0000000706e00000|  0%| F|  |TAMS 0x0000000706d00000, 0x0000000706d00000| Untracked 
| 110|0x0000000706e00000, 0x0000000706e00000, 0x0000000706f00000|  0%| F|  |TAMS 0x0000000706e00000, 0x0000000706e00000| Untracked 
| 111|0x0000000706f00000, 0x0000000706f00000, 0x0000000707000000|  0%| F|  |TAMS 0x0000000706f00000, 0x0000000706f00000| Untracked 
| 112|0x0000000707000000, 0x0000000707000000, 0x0000000707100000|  0%| F|  |TAMS 0x0000000707000000, 0x0000000707000000| Untracked 
| 113|0x0000000707100000, 0x0000000707100000, 0x0000000707200000|  0%| F|  |TAMS 0x0000000707100000, 0x0000000707100000| Untracked 
| 114|0x0000000707200000, 0x0000000707200000, 0x0000000707300000|  0%| F|  |TAMS 0x0000000707200000, 0x0000000707200000| Untracked 
| 115|0x0000000707300000, 0x0000000707300000, 0x0000000707400000|  0%| F|  |TAMS 0x0000000707300000, 0x0000000707300000| Untracked 
| 116|0x0000000707400000, 0x0000000707400000, 0x0000000707500000|  0%| F|  |TAMS 0x0000000707400000, 0x0000000707400000| Untracked 
| 117|0x0000000707500000, 0x0000000707500000, 0x0000000707600000|  0%| F|  |TAMS 0x0000000707500000, 0x0000000707500000| Untracked 
| 118|0x0000000707600000, 0x0000000707600000, 0x0000000707700000|  0%| F|  |TAMS 0x0000000707600000, 0x0000000707600000| Untracked 
| 119|0x0000000707700000, 0x0000000707700000, 0x0000000707800000|  0%| F|  |TAMS 0x0000000707700000, 0x0000000707700000| Untracked 
| 120|0x0000000707800000, 0x0000000707800000, 0x0000000707900000|  0%| F|  |TAMS 0x0000000707800000, 0x0000000707800000| Untracked 
| 121|0x0000000707900000, 0x0000000707900000, 0x0000000707a00000|  0%| F|  |TAMS 0x0000000707900000, 0x0000000707900000| Untracked 
| 122|0x0000000707a00000, 0x0000000707a00000, 0x0000000707b00000|  0%| F|  |TAMS 0x0000000707a00000, 0x0000000707a00000| Untracked 
| 123|0x0000000707b00000, 0x0000000707b00000, 0x0000000707c00000|  0%| F|  |TAMS 0x0000000707b00000, 0x0000000707b00000| Untracked 
| 124|0x0000000707c00000, 0x0000000707c00000, 0x0000000707d00000|  0%| F|  |TAMS 0x0000000707c00000, 0x0000000707c00000| Untracked 
| 125|0x0000000707d00000, 0x0000000707d00000, 0x0000000707e00000|  0%| F|  |TAMS 0x0000000707d00000, 0x0000000707d00000| Untracked 
| 126|0x0000000707e00000, 0x0000000707e00000, 0x0000000707f00000|  0%| F|  |TAMS 0x0000000707e00000, 0x0000000707e00000| Untracked 
| 127|0x0000000707f00000, 0x0000000707f00000, 0x0000000708000000|  0%| F|  |TAMS 0x0000000707f00000, 0x0000000707f00000| Untracked 
| 128|0x0000000708000000, 0x0000000708000000, 0x0000000708100000|  0%| F|  |TAMS 0x0000000708000000, 0x0000000708000000| Untracked 
| 129|0x0000000708100000, 0x0000000708100000, 0x0000000708200000|  0%| F|  |TAMS 0x0000000708100000, 0x0000000708100000| Untracked 
| 130|0x0000000708200000, 0x0000000708200000, 0x0000000708300000|  0%| F|  |TAMS 0x0000000708200000, 0x0000000708200000| Untracked 
| 131|0x0000000708300000, 0x0000000708300000, 0x0000000708400000|  0%| F|  |TAMS 0x0000000708300000, 0x0000000708300000| Untracked 
| 132|0x0000000708400000, 0x0000000708400000, 0x0000000708500000|  0%| F|  |TAMS 0x0000000708400000, 0x0000000708400000| Untracked 
| 133|0x0000000708500000, 0x0000000708500000, 0x0000000708600000|  0%| F|  |TAMS 0x0000000708500000, 0x0000000708500000| Untracked 
| 134|0x0000000708600000, 0x0000000708600000, 0x0000000708700000|  0%| F|  |TAMS 0x0000000708600000, 0x0000000708600000| Untracked 
| 135|0x0000000708700000, 0x0000000708700000, 0x0000000708800000|  0%| F|  |TAMS 0x0000000708700000, 0x0000000708700000| Untracked 
| 136|0x0000000708800000, 0x0000000708800000, 0x0000000708900000|  0%| F|  |TAMS 0x0000000708800000, 0x0000000708800000| Untracked 
| 137|0x0000000708900000, 0x0000000708900000, 0x0000000708a00000|  0%| F|  |TAMS 0x0000000708900000, 0x0000000708900000| Untracked 
| 138|0x0000000708a00000, 0x0000000708a00000, 0x0000000708b00000|  0%| F|  |TAMS 0x0000000708a00000, 0x0000000708a00000| Untracked 
| 139|0x0000000708b00000, 0x0000000708b00000, 0x0000000708c00000|  0%| F|  |TAMS 0x0000000708b00000, 0x0000000708b00000| Untracked 
| 140|0x0000000708c00000, 0x0000000708c00000, 0x0000000708d00000|  0%| F|  |TAMS 0x0000000708c00000, 0x0000000708c00000| Untracked 
| 141|0x0000000708d00000, 0x0000000708d00000, 0x0000000708e00000|  0%| F|  |TAMS 0x0000000708d00000, 0x0000000708d00000| Untracked 
| 142|0x0000000708e00000, 0x0000000708e00000, 0x0000000708f00000|  0%| F|  |TAMS 0x0000000708e00000, 0x0000000708e00000| Untracked 
| 143|0x0000000708f00000, 0x0000000708f00000, 0x0000000709000000|  0%| F|  |TAMS 0x0000000708f00000, 0x0000000708f00000| Untracked 
| 144|0x0000000709000000, 0x0000000709000000, 0x0000000709100000|  0%| F|  |TAMS 0x0000000709000000, 0x0000000709000000| Untracked 
| 145|0x0000000709100000, 0x0000000709100000, 0x0000000709200000|  0%| F|  |TAMS 0x0000000709100000, 0x0000000709100000| Untracked 
| 146|0x0000000709200000, 0x0000000709200000, 0x0000000709300000|  0%| F|  |TAMS 0x0000000709200000, 0x0000000709200000| Untracked 
| 147|0x0000000709300000, 0x0000000709300000, 0x0000000709400000|  0%| F|  |TAMS 0x0000000709300000, 0x0000000709300000| Untracked 
| 148|0x0000000709400000, 0x0000000709400000, 0x0000000709500000|  0%| F|  |TAMS 0x0000000709400000, 0x0000000709400000| Untracked 
| 149|0x0000000709500000, 0x0000000709500000, 0x0000000709600000|  0%| F|  |TAMS 0x0000000709500000, 0x0000000709500000| Untracked 
| 150|0x0000000709600000, 0x0000000709600000, 0x0000000709700000|  0%| F|  |TAMS 0x0000000709600000, 0x0000000709600000| Untracked 
| 151|0x0000000709700000, 0x0000000709700000, 0x0000000709800000|  0%| F|  |TAMS 0x0000000709700000, 0x0000000709700000| Untracked 
| 152|0x0000000709800000, 0x0000000709800000, 0x0000000709900000|  0%| F|  |TAMS 0x0000000709800000, 0x0000000709800000| Untracked 
| 153|0x0000000709900000, 0x0000000709900000, 0x0000000709a00000|  0%| F|  |TAMS 0x0000000709900000, 0x0000000709900000| Untracked 
| 154|0x0000000709a00000, 0x0000000709a00000, 0x0000000709b00000|  0%| F|  |TAMS 0x0000000709a00000, 0x0000000709a00000| Untracked 
| 155|0x0000000709b00000, 0x0000000709b00000, 0x0000000709c00000|  0%| F|  |TAMS 0x0000000709b00000, 0x0000000709b00000| Untracked 
| 156|0x0000000709c00000, 0x0000000709c00000, 0x0000000709d00000|  0%| F|  |TAMS 0x0000000709c00000, 0x0000000709c00000| Untracked 
| 157|0x0000000709d00000, 0x0000000709d00000, 0x0000000709e00000|  0%| F|  |TAMS 0x0000000709d00000, 0x0000000709d00000| Untracked 
| 158|0x0000000709e00000, 0x0000000709e00000, 0x0000000709f00000|  0%| F|  |TAMS 0x0000000709e00000, 0x0000000709e00000| Untracked 
| 159|0x0000000709f00000, 0x0000000709f00000, 0x000000070a000000|  0%| F|  |TAMS 0x0000000709f00000, 0x0000000709f00000| Untracked 
| 160|0x000000070a000000, 0x000000070a000000, 0x000000070a100000|  0%| F|  |TAMS 0x000000070a000000, 0x000000070a000000| Untracked 
| 161|0x000000070a100000, 0x000000070a100000, 0x000000070a200000|  0%| F|  |TAMS 0x000000070a100000, 0x000000070a100000| Untracked 
| 162|0x000000070a200000, 0x000000070a200000, 0x000000070a300000|  0%| F|  |TAMS 0x000000070a200000, 0x000000070a200000| Untracked 
| 163|0x000000070a300000, 0x000000070a300000, 0x000000070a400000|  0%| F|  |TAMS 0x000000070a300000, 0x000000070a300000| Untracked 
| 164|0x000000070a400000, 0x000000070a400000, 0x000000070a500000|  0%| F|  |TAMS 0x000000070a400000, 0x000000070a400000| Untracked 
| 165|0x000000070a500000, 0x000000070a500000, 0x000000070a600000|  0%| F|  |TAMS 0x000000070a500000, 0x000000070a500000| Untracked 
| 166|0x000000070a600000, 0x000000070a600000, 0x000000070a700000|  0%| F|  |TAMS 0x000000070a600000, 0x000000070a600000| Untracked 
| 167|0x000000070a700000, 0x000000070a700000, 0x000000070a800000|  0%| F|  |TAMS 0x000000070a700000, 0x000000070a700000| Untracked 
| 168|0x000000070a800000, 0x000000070a800000, 0x000000070a900000|  0%| F|  |TAMS 0x000000070a800000, 0x000000070a800000| Untracked 
| 169|0x000000070a900000, 0x000000070a900000, 0x000000070aa00000|  0%| F|  |TAMS 0x000000070a900000, 0x000000070a900000| Untracked 
| 170|0x000000070aa00000, 0x000000070aa00000, 0x000000070ab00000|  0%| F|  |TAMS 0x000000070aa00000, 0x000000070aa00000| Untracked 
| 171|0x000000070ab00000, 0x000000070ab00000, 0x000000070ac00000|  0%| F|  |TAMS 0x000000070ab00000, 0x000000070ab00000| Untracked 
| 172|0x000000070ac00000, 0x000000070ac00000, 0x000000070ad00000|  0%| F|  |TAMS 0x000000070ac00000, 0x000000070ac00000| Untracked 
| 173|0x000000070ad00000, 0x000000070ad00000, 0x000000070ae00000|  0%| F|  |TAMS 0x000000070ad00000, 0x000000070ad00000| Untracked 
| 174|0x000000070ae00000, 0x000000070ae00000, 0x000000070af00000|  0%| F|  |TAMS 0x000000070ae00000, 0x000000070ae00000| Untracked 
| 175|0x000000070af00000, 0x000000070af00000, 0x000000070b000000|  0%| F|  |TAMS 0x000000070af00000, 0x000000070af00000| Untracked 
| 176|0x000000070b000000, 0x000000070b000000, 0x000000070b100000|  0%| F|  |TAMS 0x000000070b000000, 0x000000070b000000| Untracked 
| 177|0x000000070b100000, 0x000000070b100000, 0x000000070b200000|  0%| F|  |TAMS 0x000000070b100000, 0x000000070b100000| Untracked 
| 178|0x000000070b200000, 0x000000070b200000, 0x000000070b300000|  0%| F|  |TAMS 0x000000070b200000, 0x000000070b200000| Untracked 
| 179|0x000000070b300000, 0x000000070b300000, 0x000000070b400000|  0%| F|  |TAMS 0x000000070b300000, 0x000000070b300000| Untracked 
| 180|0x000000070b400000, 0x000000070b400000, 0x000000070b500000|  0%| F|  |TAMS 0x000000070b400000, 0x000000070b400000| Untracked 
| 181|0x000000070b500000, 0x000000070b500000, 0x000000070b600000|  0%| F|  |TAMS 0x000000070b500000, 0x000000070b500000| Untracked 
| 182|0x000000070b600000, 0x000000070b600000, 0x000000070b700000|  0%| F|  |TAMS 0x000000070b600000, 0x000000070b600000| Untracked 
| 183|0x000000070b700000, 0x000000070b700000, 0x000000070b800000|  0%| F|  |TAMS 0x000000070b700000, 0x000000070b700000| Untracked 
| 184|0x000000070b800000, 0x000000070b800000, 0x000000070b900000|  0%| F|  |TAMS 0x000000070b800000, 0x000000070b800000| Untracked 
| 185|0x000000070b900000, 0x000000070b900000, 0x000000070ba00000|  0%| F|  |TAMS 0x000000070b900000, 0x000000070b900000| Untracked 
| 186|0x000000070ba00000, 0x000000070ba00000, 0x000000070bb00000|  0%| F|  |TAMS 0x000000070ba00000, 0x000000070ba00000| Untracked 
| 187|0x000000070bb00000, 0x000000070bb00000, 0x000000070bc00000|  0%| F|  |TAMS 0x000000070bb00000, 0x000000070bb00000| Untracked 
| 188|0x000000070bc00000, 0x000000070bc00000, 0x000000070bd00000|  0%| F|  |TAMS 0x000000070bc00000, 0x000000070bc00000| Untracked 
| 189|0x000000070bd00000, 0x000000070bd00000, 0x000000070be00000|  0%| F|  |TAMS 0x000000070bd00000, 0x000000070bd00000| Untracked 
| 190|0x000000070be00000, 0x000000070be00000, 0x000000070bf00000|  0%| F|  |TAMS 0x000000070be00000, 0x000000070be00000| Untracked 
| 191|0x000000070bf00000, 0x000000070bf00000, 0x000000070c000000|  0%| F|  |TAMS 0x000000070bf00000, 0x000000070bf00000| Untracked 
| 192|0x000000070c000000, 0x000000070c000000, 0x000000070c100000|  0%| F|  |TAMS 0x000000070c000000, 0x000000070c000000| Untracked 
| 193|0x000000070c100000, 0x000000070c180800, 0x000000070c200000| 50%| E|  |TAMS 0x000000070c100000, 0x000000070c100000| Complete 
| 194|0x000000070c200000, 0x000000070c300000, 0x000000070c300000|100%| E|CS|TAMS 0x000000070c200000, 0x000000070c200000| Complete 
| 195|0x000000070c300000, 0x000000070c400000, 0x000000070c400000|100%| E|CS|TAMS 0x000000070c300000, 0x000000070c300000| Complete 
| 196|0x000000070c400000, 0x000000070c500000, 0x000000070c500000|100%| E|CS|TAMS 0x000000070c400000, 0x000000070c400000| Complete 
| 197|0x000000070c500000, 0x000000070c600000, 0x000000070c600000|100%| E|CS|TAMS 0x000000070c500000, 0x000000070c500000| Complete 
| 198|0x000000070c600000, 0x000000070c700000, 0x000000070c700000|100%| E|CS|TAMS 0x000000070c600000, 0x000000070c600000| Complete 
| 199|0x000000070c700000, 0x000000070c800000, 0x000000070c800000|100%| E|CS|TAMS 0x000000070c700000, 0x000000070c700000| Complete 
| 200|0x000000070c800000, 0x000000070c900000, 0x000000070c900000|100%| E|CS|TAMS 0x000000070c800000, 0x000000070c800000| Complete 
| 201|0x000000070c900000, 0x000000070ca00000, 0x000000070ca00000|100%| E|CS|TAMS 0x000000070c900000, 0x000000070c900000| Complete 
| 202|0x000000070ca00000, 0x000000070cb00000, 0x000000070cb00000|100%| E|CS|TAMS 0x000000070ca00000, 0x000000070ca00000| Complete 
| 203|0x000000070cb00000, 0x000000070cc00000, 0x000000070cc00000|100%| E|CS|TAMS 0x000000070cb00000, 0x000000070cb00000| Complete 
| 204|0x000000070cc00000, 0x000000070cd00000, 0x000000070cd00000|100%| E|CS|TAMS 0x000000070cc00000, 0x000000070cc00000| Complete 
| 205|0x000000070cd00000, 0x000000070ce00000, 0x000000070ce00000|100%| E|CS|TAMS 0x000000070cd00000, 0x000000070cd00000| Complete 
| 206|0x000000070ce00000, 0x000000070cf00000, 0x000000070cf00000|100%| E|CS|TAMS 0x000000070ce00000, 0x000000070ce00000| Complete 
| 207|0x000000070cf00000, 0x000000070d000000, 0x000000070d000000|100%| E|CS|TAMS 0x000000070cf00000, 0x000000070cf00000| Complete 
| 208|0x000000070d000000, 0x000000070d100000, 0x000000070d100000|100%| E|CS|TAMS 0x000000070d000000, 0x000000070d000000| Complete 
| 209|0x000000070d100000, 0x000000070d200000, 0x000000070d200000|100%| E|CS|TAMS 0x000000070d100000, 0x000000070d100000| Complete 
| 210|0x000000070d200000, 0x000000070d300000, 0x000000070d300000|100%| E|CS|TAMS 0x000000070d200000, 0x000000070d200000| Complete 
| 211|0x000000070d300000, 0x000000070d400000, 0x000000070d400000|100%| E|CS|TAMS 0x000000070d300000, 0x000000070d300000| Complete 
| 212|0x000000070d400000, 0x000000070d500000, 0x000000070d500000|100%| E|CS|TAMS 0x000000070d400000, 0x000000070d400000| Complete 
| 213|0x000000070d500000, 0x000000070d600000, 0x000000070d600000|100%| E|CS|TAMS 0x000000070d500000, 0x000000070d500000| Complete 
| 214|0x000000070d600000, 0x000000070d700000, 0x000000070d700000|100%| E|CS|TAMS 0x000000070d600000, 0x000000070d600000| Complete 
| 215|0x000000070d700000, 0x000000070d800000, 0x000000070d800000|100%| E|CS|TAMS 0x000000070d700000, 0x000000070d700000| Complete 
| 216|0x000000070d800000, 0x000000070d900000, 0x000000070d900000|100%| E|CS|TAMS 0x000000070d800000, 0x000000070d800000| Complete 
| 217|0x000000070d900000, 0x000000070da00000, 0x000000070da00000|100%| E|CS|TAMS 0x000000070d900000, 0x000000070d900000| Complete 
| 218|0x000000070da00000, 0x000000070db00000, 0x000000070db00000|100%| E|CS|TAMS 0x000000070da00000, 0x000000070da00000| Complete 
| 219|0x000000070db00000, 0x000000070dc00000, 0x000000070dc00000|100%| E|CS|TAMS 0x000000070db00000, 0x000000070db00000| Complete 
| 220|0x000000070dc00000, 0x000000070dd00000, 0x000000070dd00000|100%| E|CS|TAMS 0x000000070dc00000, 0x000000070dc00000| Complete 
| 221|0x000000070dd00000, 0x000000070de00000, 0x000000070de00000|100%| E|CS|TAMS 0x000000070dd00000, 0x000000070dd00000| Complete 
| 222|0x000000070de00000, 0x000000070df00000, 0x000000070df00000|100%| E|CS|TAMS 0x000000070de00000, 0x000000070de00000| Complete 
| 223|0x000000070df00000, 0x000000070e000000, 0x000000070e000000|100%| E|CS|TAMS 0x000000070df00000, 0x000000070df00000| Complete 
| 224|0x000000070e000000, 0x000000070e100000, 0x000000070e100000|100%| E|CS|TAMS 0x000000070e000000, 0x000000070e000000| Complete 
| 225|0x000000070e100000, 0x000000070e200000, 0x000000070e200000|100%| E|CS|TAMS 0x000000070e100000, 0x000000070e100000| Complete 
| 226|0x000000070e200000, 0x000000070e300000, 0x000000070e300000|100%| E|CS|TAMS 0x000000070e200000, 0x000000070e200000| Complete 
| 227|0x000000070e300000, 0x000000070e400000, 0x000000070e400000|100%| E|CS|TAMS 0x000000070e300000, 0x000000070e300000| Complete 
| 228|0x000000070e400000, 0x000000070e500000, 0x000000070e500000|100%| E|CS|TAMS 0x000000070e400000, 0x000000070e400000| Complete 
| 229|0x000000070e500000, 0x000000070e600000, 0x000000070e600000|100%| S|CS|TAMS 0x000000070e500000, 0x000000070e500000| Complete 
| 230|0x000000070e600000, 0x000000070e700000, 0x000000070e700000|100%| S|CS|TAMS 0x000000070e600000, 0x000000070e600000| Complete 
| 231|0x000000070e700000, 0x000000070e800000, 0x000000070e800000|100%| S|CS|TAMS 0x000000070e700000, 0x000000070e700000| Complete 
| 232|0x000000070e800000, 0x000000070e900000, 0x000000070e900000|100%| E|CS|TAMS 0x000000070e800000, 0x000000070e800000| Complete 
| 233|0x000000070e900000, 0x000000070ea00000, 0x000000070ea00000|100%| E|CS|TAMS 0x000000070e900000, 0x000000070e900000| Complete 
| 234|0x000000070ea00000, 0x000000070eb00000, 0x000000070eb00000|100%| E|CS|TAMS 0x000000070ea00000, 0x000000070ea00000| Complete 
| 235|0x000000070eb00000, 0x000000070ec00000, 0x000000070ec00000|100%| E|CS|TAMS 0x000000070eb00000, 0x000000070eb00000| Complete 
| 236|0x000000070ec00000, 0x000000070ed00000, 0x000000070ed00000|100%| E|CS|TAMS 0x000000070ec00000, 0x000000070ec00000| Complete 
| 237|0x000000070ed00000, 0x000000070ee00000, 0x000000070ee00000|100%| E|CS|TAMS 0x000000070ed00000, 0x000000070ed00000| Complete 
| 238|0x000000070ee00000, 0x000000070ef00000, 0x000000070ef00000|100%| E|CS|TAMS 0x000000070ee00000, 0x000000070ee00000| Complete 
| 239|0x000000070ef00000, 0x000000070f000000, 0x000000070f000000|100%| E|CS|TAMS 0x000000070ef00000, 0x000000070ef00000| Complete 
| 240|0x000000070f000000, 0x000000070f100000, 0x000000070f100000|100%| E|CS|TAMS 0x000000070f000000, 0x000000070f000000| Complete 
| 241|0x000000070f100000, 0x000000070f200000, 0x000000070f200000|100%| E|CS|TAMS 0x000000070f100000, 0x000000070f100000| Complete 
| 242|0x000000070f200000, 0x000000070f300000, 0x000000070f300000|100%| E|CS|TAMS 0x000000070f200000, 0x000000070f200000| Complete 
| 243|0x000000070f300000, 0x000000070f400000, 0x000000070f400000|100%| E|CS|TAMS 0x000000070f300000, 0x000000070f300000| Complete 
| 244|0x000000070f400000, 0x000000070f500000, 0x000000070f500000|100%| E|CS|TAMS 0x000000070f400000, 0x000000070f400000| Complete 
| 245|0x000000070f500000, 0x000000070f600000, 0x000000070f600000|100%| E|CS|TAMS 0x000000070f500000, 0x000000070f500000| Complete 
| 246|0x000000070f600000, 0x000000070f700000, 0x000000070f700000|100%| E|CS|TAMS 0x000000070f600000, 0x000000070f600000| Complete 
| 247|0x000000070f700000, 0x000000070f800000, 0x000000070f800000|100%| E|CS|TAMS 0x000000070f700000, 0x000000070f700000| Complete 
| 248|0x000000070f800000, 0x000000070f900000, 0x000000070f900000|100%| E|CS|TAMS 0x000000070f800000, 0x000000070f800000| Complete 
| 249|0x000000070f900000, 0x000000070fa00000, 0x000000070fa00000|100%| E|CS|TAMS 0x000000070f900000, 0x000000070f900000| Complete 
| 250|0x000000070fa00000, 0x000000070fb00000, 0x000000070fb00000|100%| E|CS|TAMS 0x000000070fa00000, 0x000000070fa00000| Complete 
| 251|0x000000070fb00000, 0x000000070fc00000, 0x000000070fc00000|100%| E|CS|TAMS 0x000000070fb00000, 0x000000070fb00000| Complete 
| 252|0x000000070fc00000, 0x000000070fd00000, 0x000000070fd00000|100%| E|CS|TAMS 0x000000070fc00000, 0x000000070fc00000| Complete 
| 253|0x000000070fd00000, 0x000000070fe00000, 0x000000070fe00000|100%| E|CS|TAMS 0x000000070fd00000, 0x000000070fd00000| Complete 
| 254|0x000000070fe00000, 0x000000070ff00000, 0x000000070ff00000|100%| E|CS|TAMS 0x000000070fe00000, 0x000000070fe00000| Complete 
| 255|0x000000070ff00000, 0x0000000710000000, 0x0000000710000000|100%| E|CS|TAMS 0x000000070ff00000, 0x000000070ff00000| Complete 

Card table byte_map: [0x0000000113da1000,0x00000001145a1000] _byte_map_base: 0x00000001105a1000

Marking Bits (Prev, Next): (CMBitMap*) 0x00007fc72d834818, (CMBitMap*) 0x00007fc72d834850
 Prev Bits: [0x0000000114da1000, 0x0000000118da1000)
 Next Bits: [0x000000012b438000, 0x000000012f438000)

Polling page: 0x000000010ce82000

Metaspace:

Usage:
  Non-class:     13.13 MB capacity,    12.94 MB ( 99%) used,   167.89 KB (  1%) free+waste,    30.56 KB ( <1%) overhead. 
      Class:      1.48 MB capacity,     1.35 MB ( 91%) used,   117.65 KB (  8%) free+waste,    14.06 KB ( <1%) overhead. 
       Both:     14.61 MB capacity,    14.29 MB ( 98%) used,   285.54 KB (  2%) free+waste,    44.62 KB ( <1%) overhead. 

Virtual space:
  Non-class space:       14.00 MB reserved,      13.25 MB ( 95%) committed 
      Class space:        1.00 GB reserved,       1.50 MB ( <1%) committed 
             Both:        1.01 GB reserved,      14.75 MB (  1%) committed 

Chunk freelists:
   Non-Class:  3.00 KB
       Class:  20.00 KB
        Both:  23.00 KB

CodeHeap 'non-profiled nmethods': size=120032Kb used=589Kb max_used=589Kb free=119442Kb
 bounds [0x0000000123f00000, 0x0000000124170000, 0x000000012b438000]
CodeHeap 'profiled nmethods': size=120028Kb used=4087Kb max_used=4087Kb free=115940Kb
 bounds [0x000000011c9c9000, 0x000000011cdc9000, 0x0000000123f00000]
CodeHeap 'non-nmethods': size=5700Kb used=1148Kb max_used=1163Kb free=4552Kb
 bounds [0x000000011c438000, 0x000000011c6a8000, 0x000000011c9c9000]
 total_blobs=2518 nmethods=1736 adapters=399
 compilation: enabled
              stopped_count=0, restarted_count=0
 full_count=0

Compilation events (10 events):
Event: 2.255 Thread 0x00007fc72e001000 nmethod 1760 0x000000011cdbd390 code [0x000000011cdbd540, 0x000000011cdbd850]
Event: 2.256 Thread 0x00007fc72e001000 1761       2       com.sun.media.sound.SoftFilter::<init> (57 bytes)
Event: 2.257 Thread 0x00007fc72e001000 nmethod 1761 0x000000011cdbd910 code [0x000000011cdbdac0, 0x000000011cdbdc70]
Event: 2.257 Thread 0x00007fc72e001000 1762       2       javax.sound.sampled.AudioFormat$Encoding::equals (31 bytes)
Event: 2.257 Thread 0x00007fc72e001000 nmethod 1762 0x000000011cdbdd10 code [0x000000011cdbdee0, 0x000000011cdbe168]
Event: 2.257 Thread 0x00007fc72e001000 1764 % !   3       com.sun.media.sound.SoftChannel::setPolyPressure @ 74 (141 bytes)
Event: 2.258 Thread 0x00007fc72e001000 nmethod 1764% 0x000000011cdbe290 code [0x000000011cdbe500, 0x000000011cdbeef8]
Event: 2.258 Thread 0x00007fc72e001000 1763 % !   3       com.sun.media.sound.SoftChannel::controlChange @ 1235 (1289 bytes)
Event: 2.264 Thread 0x00007fc72e001000 nmethod 1763% 0x000000011cdbf490 code [0x000000011cdbf9c0, 0x000000011cdc29a8]
Event: 2.264 Thread 0x00007fc72e001000 1765   !   3       com.sun.media.sound.SoftChannel::setPolyPressure (141 bytes)

GC Heap History (2 events):
Event: 0.962 GC heap before
{Heap before GC invocations=0 (full 0):
 garbage-first heap   total 262144K, used 23552K [0x0000000700000000, 0x0000000800000000)
  region size 1024K, 24 young (24576K), 0 survivors (0K)
 Metaspace       used 10828K, capacity 11024K, committed 11264K, reserved 1058816K
  class space    used 922K, capacity 990K, committed 1024K, reserved 1048576K
}
Event: 0.967 GC heap after
{Heap after GC invocations=1 (full 0):
 garbage-first heap   total 262144K, used 5196K [0x0000000700000000, 0x0000000800000000)
  region size 1024K, 3 young (3072K), 3 survivors (3072K)
 Metaspace       used 10828K, capacity 11024K, committed 11264K, reserved 1058816K
  class space    used 922K, capacity 990K, committed 1024K, reserved 1048576K
}

Deoptimization events (10 events):
Event: 2.195 Thread 0x00007fc72d3b5800 Uncommon trap: trap_request=0xffffffde fr.pc=0x0000000123f8ccb0 relative=0x0000000000000110
Event: 2.195 Thread 0x00007fc72d3b5800 Uncommon trap: reason=class_check action=maybe_recompile pc=0x0000000123f8ccb0 method=jdk.internal.misc.Unsafe.allocateUninitializedArray(Ljava/lang/Class;I)Ljava/lang/Object; @ 48 c2
Event: 2.195 Thread 0x00007fc72d3b5800 DEOPT PACKING pc=0x0000000123f8ccb0 sp=0x000070000c1e8860
Event: 2.195 Thread 0x00007fc72d3b5800 DEOPT UNPACKING pc=0x000000011c4609a5 sp=0x000070000c1e8808 mode 2
Event: 2.258 Thread 0x00007fc72d3b5800 DEOPT PACKING pc=0x000000011cdacd53 sp=0x000070000c1ea640
Event: 2.258 Thread 0x00007fc72d3b5800 DEOPT UNPACKING pc=0x000000011c4607ba sp=0x000070000c1e9b40 mode 0
Event: 2.259 Thread 0x00007fc72d3b5800 DEOPT PACKING pc=0x000000011cdacd53 sp=0x000070000c1ea640
Event: 2.259 Thread 0x00007fc72d3b5800 DEOPT UNPACKING pc=0x000000011c4607ba sp=0x000070000c1e9b40 mode 0
Event: 2.259 Thread 0x00007fc72d3b5800 DEOPT PACKING pc=0x000000011cdacd53 sp=0x000070000c1ea640
Event: 2.259 Thread 0x00007fc72d3b5800 DEOPT UNPACKING pc=0x000000011c4607ba sp=0x000070000c1e9b40 mode 0

Classes redefined (0 events):
No events

Internal exceptions (10 events):
Event: 1.961 Thread 0x00007fc72d804800 Exception <a 'java/lang/NoSuchMethodError'{0x000000070d63eb80}: 'java.lang.Object java.lang.invoke.DirectMethodHandle$Holder.invokeStatic(java.lang.Object, java.lang.Object, java.lang.Object, java.lang.Object, java.lang.Object, java.lang.Object, java.lang
Event: 1.962 Thread 0x00007fc72d804800 Exception <a 'java/lang/NoSuchMethodError'{0x000000070d64de60}: 'java.lang.Object java.lang.invoke.DirectMethodHandle$Holder.invokeStatic(java.lang.Object, java.lang.Object, java.lang.Object, java.lang.Object, java.lang.Object, java.lang.Object, java.lang
Event: 1.963 Thread 0x00007fc72d804800 Exception <a 'java/lang/NoSuchMethodError'{0x000000070d65bba8}: 'java.lang.Object java.lang.invoke.DirectMethodHandle$Holder.invokeSpecial(java.lang.Object, java.lang.Object, int, int, java.lang.Object, int, java.lang.Object)'> (0x000000070d65bba8) thrown
Event: 1.963 Thread 0x00007fc72d804800 Exception <a 'java/lang/NoSuchMethodError'{0x000000070d65f038}: 'java.lang.Object java.lang.invoke.DelegatingMethodHandle$Holder.reinvoke_L(java.lang.Object, int, int, java.lang.Object, int, java.lang.Object)'> (0x000000070d65f038) thrown at [/opt/buildAg
Event: 1.963 Thread 0x00007fc72d804800 Exception <a 'java/lang/NoSuchMethodError'{0x000000070d663fa8}: 'java.lang.Object java.lang.invoke.DirectMethodHandle$Holder.invokeStatic(java.lang.Object, java.lang.Object, java.lang.Object, java.lang.Object, int)'> (0x000000070d663fa8) thrown at [/opt/b
Event: 1.969 Thread 0x00007fc72d804800 Exception <a 'java/lang/NoSuchMethodError'{0x000000070d6af248}: 'java.lang.Object java.lang.invoke.DirectMethodHandle$Holder.invokeSpecial(java.lang.Object, java.lang.Object, java.lang.Object, int, java.lang.Object)'> (0x000000070d6af248) thrown at [/opt/
Event: 1.969 Thread 0x00007fc72d804800 Exception <a 'java/lang/NoSuchMethodError'{0x000000070d6b26e0}: 'java.lang.Object java.lang.invoke.Invokers$Holder.linkToTargetMethod(java.lang.Object, int, java.lang.Object, java.lang.Object)'> (0x000000070d6b26e0) thrown at [/opt/buildAgent/work/5ff2f6c
Event: 1.974 Thread 0x00007fc72d804800 Exception <a 'java/lang/NoSuchMethodError'{0x000000070d6f8de8}: 'java.lang.Object java.lang.invoke.DirectMethodHandle$Holder.invokeStatic(java.lang.Object, java.lang.Object, java.lang.Object, java.lang.Object, java.lang.Object, java.lang.Object, java.lang
Event: 1.975 Thread 0x00007fc72d804800 Exception <a 'java/lang/NoSuchMethodError'{0x000000070d507168}: 'java.lang.Object java.lang.invoke.DirectMethodHandle$Holder.invokeStatic(java.lang.Object, java.lang.Object, java.lang.Object, java.lang.Object, java.lang.Object, java.lang.Object, java.lang
Event: 1.980 Thread 0x00007fc72d804800 Exception <a 'java/lang/NoSuchMethodError'{0x000000070d5224f0}: 'java.lang.Object java.lang.invoke.Invokers$Holder.linkToTargetMethod(java.lang.Object, int, java.lang.Object)'> (0x000000070d5224f0) thrown at [/opt/buildAgent/work/5ff2f6c26000d570/src/hots

Events (10 events):
Event: 2.260 Executing VM operation: RevokeBias done
Event: 2.260 Executing VM operation: RevokeBias
Event: 2.260 Executing VM operation: RevokeBias done
Event: 2.263 Thread 0x00007fc72b96b800 Thread added: 0x00007fc72b96b800
Event: 2.264 Thread 0x00007fc72f031800 Thread added: 0x00007fc72f031800
Event: 2.264 Executing VM operation: RevokeBias
Event: 2.264 Executing VM operation: RevokeBias done
Event: 2.264 Executing VM operation: RevokeBias
Event: 2.264 Executing VM operation: RevokeBias done
Event: 2.264 Executing VM operation: RevokeBias


Dynamic libraries:
0x00007fff326ef000 	/System/Library/Frameworks/Cocoa.framework/Versions/A/Cocoa
0x00007fff3fc96000 	/System/Library/Frameworks/Security.framework/Versions/A/Security
0x00007fff31695000 	/System/Library/Frameworks/ApplicationServices.framework/Versions/A/ApplicationServices
0x00007fff69cf1000 	/usr/lib/libz.1.dylib
0x00007fff677f9000 	/usr/lib/libSystem.B.dylib
0x00007fff33654000 	/System/Library/Frameworks/CoreFoundation.framework/Versions/A/CoreFoundation
0x00007fff35d0f000 	/System/Library/Frameworks/Foundation.framework/Versions/C/Foundation
0x00007fff6961c000 	/usr/lib/libobjc.A.dylib
0x00007fff30899000 	/System/Library/Frameworks/AppKit.framework/Versions/C/AppKit
0x00007fff3316e000 	/System/Library/Frameworks/CoreData.framework/Versions/A/CoreData
0x00007fff640aa000 	/System/Library/PrivateFrameworks/UIFoundation.framework/Versions/A/UIFoundation
0x00007fff5e94a000 	/System/Library/PrivateFrameworks/RemoteViewServices.framework/Versions/A/RemoteViewServices
0x00007fff66b2a000 	/System/Library/PrivateFrameworks/XCTTargetBootstrap.framework/Versions/A/XCTTargetBootstrap
0x00007fff33549000 	/System/Library/Frameworks/CoreDisplay.framework/Versions/A/CoreDisplay
0x00007fff38a47000 	/System/Library/Frameworks/Metal.framework/Versions/A/Metal
0x00007fff4ceb7000 	/System/Library/PrivateFrameworks/DesktopServicesPriv.framework/Versions/A/DesktopServicesPriv
0x00007fff68914000 	/usr/lib/liblangid.dylib
0x00007fff4c013000 	/System/Library/PrivateFrameworks/CoreSVG.framework/Versions/A/CoreSVG
0x00007fff6167a000 	/System/Library/PrivateFrameworks/SkyLight.framework/Versions/A/SkyLight
0x00007fff33ad5000 	/System/Library/Frameworks/CoreGraphics.framework/Versions/A/CoreGraphics
0x00007fff2f43a000 	/System/Library/Frameworks/Accelerate.framework/Versions/A/Accelerate
0x00007fff69be2000 	/usr/lib/libxml2.2.dylib
0x00007fff57a82000 	/System/Library/PrivateFrameworks/IconServices.framework/Versions/A/IconServices
0x00007fff364cd000 	/System/Library/Frameworks/IOSurface.framework/Versions/A/IOSurface
0x00007fff67332000 	/usr/lib/libDiagnosticMessagesClient.dylib
0x00007fff4cd31000 	/System/Library/PrivateFrameworks/DFRFoundation.framework/Versions/A/DFRFoundation
0x00007fff686a2000 	/usr/lib/libicucore.A.dylib
0x00007fff319c7000 	/System/Library/Frameworks/AudioToolbox.framework/Versions/A/AudioToolbox
0x00007fff31aa9000 	/System/Library/Frameworks/AudioUnit.framework/Versions/A/AudioUnit
0x00007fff679fb000 	/usr/lib/libauto.dylib
0x00007fff4cdb1000 	/System/Library/PrivateFrameworks/DataDetectorsCore.framework/Versions/A/DataDetectorsCore
0x00007fff32210000 	/System/Library/Frameworks/Carbon.framework/Versions/A/Frameworks/HIToolbox.framework/Versions/A/HIToolbox
0x00007fff3ee8e000 	/System/Library/Frameworks/QuartzCore.framework/Versions/A/QuartzCore
0x00007fff3254f000 	/System/Library/Frameworks/Carbon.framework/Versions/A/Frameworks/SpeechRecognition.framework/Versions/A/SpeechRecognition
0x00007fff4c6b3000 	/System/Library/PrivateFrameworks/CoreUI.framework/Versions/A/CoreUI
0x00007fff32bd4000 	/System/Library/Frameworks/CoreAudio.framework/Versions/A/CoreAudio
0x00007fff359dc000 	/System/Library/Frameworks/DiskArbitration.framework/Versions/A/DiskArbitration
0x00007fff59b68000 	/System/Library/PrivateFrameworks/MultitouchSupport.framework/Versions/A/MultitouchSupport
0x00007fff6856d000 	/usr/lib/libenergytrace.dylib
0x00007fff36428000 	/System/Library/Frameworks/IOKit.framework/Versions/A/IOKit
0x00007fff34a3b000 	/System/Library/Frameworks/CoreServices.framework/Versions/A/CoreServices
0x00007fff5bbbd000 	/System/Library/PrivateFrameworks/PerformanceAnalysis.framework/Versions/A/PerformanceAnalysis
0x00007fff3dec6000 	/System/Library/Frameworks/OpenGL.framework/Versions/A/OpenGL
0x00007fff326fd000 	/System/Library/Frameworks/ColorSync.framework/Versions/A/ColorSync
0x00007fff3415c000 	/System/Library/Frameworks/CoreImage.framework/Versions/A/CoreImage
0x00007fff354af000 	/System/Library/Frameworks/CoreText.framework/Versions/A/CoreText
0x00007fff36550000 	/System/Library/Frameworks/ImageIO.framework/Versions/A/ImageIO
0x00007fff67ad7000 	/usr/lib/libc++.1.dylib
0x00007fff67b53000 	/usr/lib/libcompression.dylib
0x00007fff67673000 	/usr/lib/libMobileGestalt.dylib
0x00007fff6319d000 	/System/Library/PrivateFrameworks/TextureIO.framework/Versions/A/TextureIO
0x00007fff67961000 	/usr/lib/libate.dylib
0x00007fff57c88000 	/System/Library/PrivateFrameworks/InternationalSupport.framework/Versions/A/InternationalSupport
0x00007fff6a768000 	/usr/lib/system/libcache.dylib
0x00007fff6a76e000 	/usr/lib/system/libcommonCrypto.dylib
0x00007fff6a77a000 	/usr/lib/system/libcompiler_rt.dylib
0x00007fff6a782000 	/usr/lib/system/libcopyfile.dylib
0x00007fff6a78c000 	/usr/lib/system/libcorecrypto.dylib
0x00007fff6a93a000 	/usr/lib/system/libdispatch.dylib
0x00007fff6a97c000 	/usr/lib/system/libdyld.dylib
0x00007fff6a9b2000 	/usr/lib/system/libkeymgr.dylib
0x00007fff6a9c0000 	/usr/lib/system/liblaunch.dylib
0x00007fff6a9c1000 	/usr/lib/system/libmacho.dylib
0x00007fff6a9c7000 	/usr/lib/system/libquarantine.dylib
0x00007fff6a9ca000 	/usr/lib/system/libremovefile.dylib
0x00007fff6a9cc000 	/usr/lib/system/libsystem_asl.dylib
0x00007fff6a9e4000 	/usr/lib/system/libsystem_blocks.dylib
0x00007fff6a9e5000 	/usr/lib/system/libsystem_c.dylib
0x00007fff6aa6d000 	/usr/lib/system/libsystem_configuration.dylib
0x00007fff6aa71000 	/usr/lib/system/libsystem_coreservices.dylib
0x00007fff6aa75000 	/usr/lib/system/libsystem_darwin.dylib
0x00007fff6aa7d000 	/usr/lib/system/libsystem_dnssd.dylib
0x00007fff6aa85000 	/usr/lib/system/libsystem_featureflags.dylib
0x00007fff6aa87000 	/usr/lib/system/libsystem_info.dylib
0x00007fff6ab02000 	/usr/lib/system/libsystem_m.dylib
0x00007fff6ab4a000 	/usr/lib/system/libsystem_malloc.dylib
0x00007fff6ab72000 	/usr/lib/system/libsystem_networkextension.dylib
0x00007fff6ab80000 	/usr/lib/system/libsystem_notify.dylib
0x00007fff6ab9f000 	/usr/lib/system/libsystem_sandbox.dylib
0x00007fff6aba4000 	/usr/lib/system/libsystem_secinit.dylib
0x00007fff6aad5000 	/usr/lib/system/libsystem_kernel.dylib
0x00007fff6ab8a000 	/usr/lib/system/libsystem_platform.dylib
0x00007fff6ab94000 	/usr/lib/system/libsystem_pthread.dylib
0x00007fff6aba7000 	/usr/lib/system/libsystem_symptoms.dylib
0x00007fff6abaf000 	/usr/lib/system/libsystem_trace.dylib
0x00007fff6abc7000 	/usr/lib/system/libunwind.dylib
0x00007fff6abcd000 	/usr/lib/system/libxpc.dylib
0x00007fff67b2b000 	/usr/lib/libc++abi.dylib
0x00007fff68916000 	/usr/lib/liblzma.5.dylib
0x00007fff68595000 	/usr/lib/libfakelink.dylib
0x00007fff678ee000 	/usr/lib/libarchive.2.dylib
0x00007fff40eaa000 	/System/Library/Frameworks/SystemConfiguration.framework/Versions/A/SystemConfiguration
0x00007fff67263000 	/usr/lib/libCRFSuite.dylib
0x00007fff31e1f000 	/System/Library/Frameworks/CFNetwork.framework/Versions/A/CFNetwork
0x00007fff67ab9000 	/usr/lib/libbsm.0.dylib
0x00007fff6a9b3000 	/usr/lib/system/libkxld.dylib
0x00007fff468b0000 	/System/Library/PrivateFrameworks/AppleFSCompression.framework/Versions/A/AppleFSCompression
0x00007fff67e2c000 	/usr/lib/libcoretls.dylib
0x00007fff67e43000 	/usr/lib/libcoretls_cfhelpers.dylib
0x00007fff69660000 	/usr/lib/libpam.2.dylib
0x00007fff6978f000 	/usr/lib/libsqlite3.dylib
0x00007fff69bcf000 	/usr/lib/libxar.1.dylib
0x00007fff67aca000 	/usr/lib/libbz2.1.0.dylib
0x00007fff685b1000 	/usr/lib/libiconv.2.dylib
0x00007fff67b40000 	/usr/lib/libcharset.1.dylib
0x00007fff6910c000 	/usr/lib/libnetwork.dylib
0x00007fff69667000 	/usr/lib/libpcap.A.dylib
0x00007fff678a3000 	/usr/lib/libapple_nghttp2.dylib
0x00007fff34df2000 	/System/Library/Frameworks/CoreServices.framework/Versions/A/Frameworks/FSEvents.framework/Versions/A/FSEvents
0x00007fff34ac2000 	/System/Library/Frameworks/CoreServices.framework/Versions/A/Frameworks/CarbonCore.framework/Versions/A/CarbonCore
0x00007fff35034000 	/System/Library/Frameworks/CoreServices.framework/Versions/A/Frameworks/Metadata.framework/Versions/A/Metadata
0x00007fff350cd000 	/System/Library/Frameworks/CoreServices.framework/Versions/A/Frameworks/OSServices.framework/Versions/A/OSServices
0x00007fff350fb000 	/System/Library/Frameworks/CoreServices.framework/Versions/A/Frameworks/SearchKit.framework/Versions/A/SearchKit
0x00007fff34a3c000 	/System/Library/Frameworks/CoreServices.framework/Versions/A/Frameworks/AE.framework/Versions/A/AE
0x00007fff34dfb000 	/System/Library/Frameworks/CoreServices.framework/Versions/A/Frameworks/LaunchServices.framework/Versions/A/LaunchServices
0x00007fff34da4000 	/System/Library/Frameworks/CoreServices.framework/Versions/A/Frameworks/DictionaryServices.framework/Versions/A/DictionaryServices
0x00007fff35163000 	/System/Library/Frameworks/CoreServices.framework/Versions/A/Frameworks/SharedFileList.framework/Versions/A/SharedFileList
0x00007fff39d1c000 	/System/Library/Frameworks/NetFS.framework/Versions/A/NetFS
0x00007fff5a008000 	/System/Library/PrivateFrameworks/NetAuth.framework/Versions/A/NetAuth
0x00007fff66ef3000 	/System/Library/PrivateFrameworks/login.framework/Versions/A/Frameworks/loginsupport.framework/Versions/A/loginsupport
0x00007fff62ca3000 	/System/Library/PrivateFrameworks/TCC.framework/Versions/A/TCC
0x00007fff4b3f1000 	/System/Library/PrivateFrameworks/CoreNLP.framework/Versions/A/CoreNLP
0x00007fff59599000 	/System/Library/PrivateFrameworks/MetadataUtilities.framework/Versions/A/MetadataUtilities
0x00007fff689ee000 	/usr/lib/libmecabra.dylib
0x00007fff68946000 	/usr/lib/libmecab.dylib
0x00007fff685a6000 	/usr/lib/libgermantok.dylib
0x00007fff6788a000 	/usr/lib/libThaiTokenizer.dylib
0x00007fff6729b000 	/usr/lib/libChineseTokenizer.dylib
0x00007fff2f452000 	/System/Library/Frameworks/Accelerate.framework/Versions/A/Frameworks/vImage.framework/Versions/A/vImage
0x00007fff306f4000 	/System/Library/Frameworks/Accelerate.framework/Versions/A/Frameworks/vecLib.framework/Versions/A/vecLib
0x00007fff30638000 	/System/Library/Frameworks/Accelerate.framework/Versions/A/Frameworks/vecLib.framework/Versions/A/libvMisc.dylib
0x00007fff3045e000 	/System/Library/Frameworks/Accelerate.framework/Versions/A/Frameworks/vecLib.framework/Versions/A/libvDSP.dylib
0x00007fff2fabe000 	/System/Library/Frameworks/Accelerate.framework/Versions/A/Frameworks/vecLib.framework/Versions/A/libBLAS.dylib
0x00007fff30018000 	/System/Library/Frameworks/Accelerate.framework/Versions/A/Frameworks/vecLib.framework/Versions/A/libLAPACK.dylib
0x00007fff303be000 	/System/Library/Frameworks/Accelerate.framework/Versions/A/Frameworks/vecLib.framework/Versions/A/libLinearAlgebra.dylib
0x00007fff3044b000 	/System/Library/Frameworks/Accelerate.framework/Versions/A/Frameworks/vecLib.framework/Versions/A/libSparseBLAS.dylib
0x00007fff303d4000 	/System/Library/Frameworks/Accelerate.framework/Versions/A/Frameworks/vecLib.framework/Versions/A/libQuadrature.dylib
0x00007fff2fd27000 	/System/Library/Frameworks/Accelerate.framework/Versions/A/Frameworks/vecLib.framework/Versions/A/libBNNS.dylib
0x00007fff303da000 	/System/Library/Frameworks/Accelerate.framework/Versions/A/Frameworks/vecLib.framework/Versions/A/libSparse.dylib
0x00007fff58047000 	/System/Library/PrivateFrameworks/LanguageModeling.framework/Versions/A/LanguageModeling
0x00007fff4ad95000 	/System/Library/PrivateFrameworks/CoreEmoji.framework/Versions/A/CoreEmoji
0x00007fff58164000 	/System/Library/PrivateFrameworks/LinguisticData.framework/Versions/A/LinguisticData
0x00007fff58115000 	/System/Library/PrivateFrameworks/Lexicon.framework/Versions/A/Lexicon
0x00007fff67b41000 	/usr/lib/libcmph.dylib
0x00007fff3c8ec000 	/System/Library/Frameworks/OpenDirectory.framework/Versions/A/Frameworks/CFOpenDirectory.framework/Versions/A/CFOpenDirectory
0x00007fff3c909000 	/System/Library/Frameworks/OpenDirectory.framework/Versions/A/OpenDirectory
0x00007fff44c68000 	/System/Library/PrivateFrameworks/APFS.framework/Versions/A/APFS
0x00007fff3ffdb000 	/System/Library/Frameworks/SecurityFoundation.framework/Versions/A/SecurityFoundation
0x00007fff69bcb000 	/usr/lib/libutil.dylib
0x00007fff4c06b000 	/System/Library/PrivateFrameworks/CoreServicesStore.framework/Versions/A/CoreServicesStore
0x00007fff400bc000 	/System/Library/Frameworks/ServiceManagement.framework/Versions/A/ServiceManagement
0x00007fff4804b000 	/System/Library/PrivateFrameworks/BackgroundTaskManagement.framework/Versions/A/BackgroundTaskManagement
0x00007fff69cc8000 	/usr/lib/libxslt.1.dylib
0x00007fff46f0e000 	/System/Library/PrivateFrameworks/AppleSystemInfo.framework/Versions/A/AppleSystemInfo
0x00007fff3676b000 	/System/Library/Frameworks/ImageIO.framework/Versions/A/Resources/libJPEG.dylib
0x00007fff36a2a000 	/System/Library/Frameworks/ImageIO.framework/Versions/A/Resources/libTIFF.dylib
0x00007fff36a0d000 	/System/Library/Frameworks/ImageIO.framework/Versions/A/Resources/libPng.dylib
0x00007fff366ac000 	/System/Library/Frameworks/ImageIO.framework/Versions/A/Resources/libGIF.dylib
0x00007fff366b0000 	/System/Library/Frameworks/ImageIO.framework/Versions/A/Resources/libJP2.dylib
0x00007fff36a28000 	/System/Library/Frameworks/ImageIO.framework/Versions/A/Resources/libRadiance.dylib
0x00007fff6856e000 	/usr/lib/libexpat.1.dylib
0x00007fff46a0b000 	/System/Library/PrivateFrameworks/AppleJPEG.framework/Versions/A/AppleJPEG
0x00007fff4f283000 	/System/Library/PrivateFrameworks/FontServices.framework/libFontParser.dylib
0x00007fff65f4e000 	/System/Library/PrivateFrameworks/WatchdogClient.framework/Versions/A/WatchdogClient
0x00007fff576da000 	/System/Library/PrivateFrameworks/IOAccelerator.framework/Versions/A/IOAccelerator
0x00007fff38dd5000 	/System/Library/Frameworks/MetalPerformanceShaders.framework/Versions/A/MetalPerformanceShaders
0x00007fff53fd0000 	/System/Library/PrivateFrameworks/GPUWrangler.framework/Versions/A/GPUWrangler
0x00007fff576e5000 	/System/Library/PrivateFrameworks/IOPresentment.framework/Versions/A/IOPresentment
0x00007fff4cd43000 	/System/Library/PrivateFrameworks/DSExternalDisplay.framework/Versions/A/DSExternalDisplay
0x00007fff3d272000 	/System/Library/Frameworks/OpenGL.framework/Versions/A/Libraries/libCoreFSCache.dylib
0x00007fff38b26000 	/System/Library/Frameworks/MetalPerformanceShaders.framework/Frameworks/MPSCore.framework/Versions/A/MPSCore
0x00007fff38b63000 	/System/Library/Frameworks/MetalPerformanceShaders.framework/Frameworks/MPSImage.framework/Versions/A/MPSImage
0x00007fff38c26000 	/System/Library/Frameworks/MetalPerformanceShaders.framework/Frameworks/MPSNeuralNetwork.framework/Versions/A/MPSNeuralNetwork
0x00007fff38bea000 	/System/Library/Frameworks/MetalPerformanceShaders.framework/Frameworks/MPSMatrix.framework/Versions/A/MPSMatrix
0x00007fff38d86000 	/System/Library/Frameworks/MetalPerformanceShaders.framework/Frameworks/MPSRayIntersector.framework/Versions/A/MPSRayIntersector
0x00007fff38c10000 	/System/Library/Frameworks/MetalPerformanceShaders.framework/Frameworks/MPSNDArray.framework/Versions/A/MPSNDArray
0x00007fff595e6000 	/System/Library/PrivateFrameworks/MetalTools.framework/Versions/A/MetalTools
0x00007fff45d47000 	/System/Library/PrivateFrameworks/AggregateDictionary.framework/Versions/A/AggregateDictionary
0x00007fff4a82c000 	/System/Library/PrivateFrameworks/CoreAnalytics.framework/Versions/A/CoreAnalytics
0x00007fff46e2c000 	/System/Library/PrivateFrameworks/AppleSauce.framework/Versions/A/AppleSauce
0x00007fff67556000 	/usr/lib/libIOReport.dylib
0x00007fff35664000 	/System/Library/Frameworks/CoreVideo.framework/Versions/A/CoreVideo
0x00007fff553bd000 	/System/Library/PrivateFrameworks/GraphVisualizer.framework/Versions/A/GraphVisualizer
0x00007fff4e805000 	/System/Library/PrivateFrameworks/FaceCore.framework/Versions/A/FaceCore
0x00007fff3c893000 	/System/Library/Frameworks/OpenCL.framework/Versions/A/OpenCL
0x00007fff67378000 	/usr/lib/libFosl_dynamic.dylib
0x00007fff5a9fe000 	/System/Library/PrivateFrameworks/OTSVG.framework/Versions/A/OTSVG
0x00007fff3179a000 	/System/Library/Frameworks/ApplicationServices.framework/Versions/A/Frameworks/ATS.framework/Versions/A/Resources/libFontRegistry.dylib
0x00007fff4f454000 	/System/Library/PrivateFrameworks/FontServices.framework/libhvf.dylib
0x00007fff3d27d000 	/System/Library/Frameworks/OpenGL.framework/Versions/A/Libraries/libGFXShared.dylib
0x00007fff3d45a000 	/System/Library/Frameworks/OpenGL.framework/Versions/A/Libraries/libGLU.dylib
0x00007fff3d286000 	/System/Library/Frameworks/OpenGL.framework/Versions/A/Libraries/libGL.dylib
0x00007fff3d291000 	/System/Library/Frameworks/OpenGL.framework/Versions/A/Libraries/libGLImage.dylib
0x00007fff3d26f000 	/System/Library/Frameworks/OpenGL.framework/Versions/A/Libraries/libCVMSPluginSupport.dylib
0x00007fff3d278000 	/System/Library/Frameworks/OpenGL.framework/Versions/A/Libraries/libCoreVMClient.dylib
0x00007fff68fae000 	/usr/lib/libncurses.5.4.dylib
0x00007fff31696000 	/System/Library/Frameworks/ApplicationServices.framework/Versions/A/Frameworks/ATS.framework/Versions/A/ATS
0x00007fff31863000 	/System/Library/Frameworks/ApplicationServices.framework/Versions/A/Frameworks/ColorSyncLegacy.framework/Versions/A/ColorSyncLegacy
0x00007fff31902000 	/System/Library/Frameworks/ApplicationServices.framework/Versions/A/Frameworks/HIServices.framework/Versions/A/HIServices
0x00007fff31959000 	/System/Library/Frameworks/ApplicationServices.framework/Versions/A/Frameworks/LangAnalysis.framework/Versions/A/LangAnalysis
0x00007fff31968000 	/System/Library/Frameworks/ApplicationServices.framework/Versions/A/Frameworks/PrintCore.framework/Versions/A/PrintCore
0x00007fff319ae000 	/System/Library/Frameworks/ApplicationServices.framework/Versions/A/Frameworks/QD.framework/Versions/A/QD
0x00007fff319b9000 	/System/Library/Frameworks/ApplicationServices.framework/Versions/A/Frameworks/SpeechSynthesis.framework/Versions/A/SpeechSynthesis
0x00007fff31833000 	/System/Library/Frameworks/ApplicationServices.framework/Versions/A/Frameworks/ATSUI.framework/Versions/A/ATSUI
0x00007fff68402000 	/usr/lib/libcups.2.dylib
0x00007fff37e8e000 	/System/Library/Frameworks/Kerberos.framework/Versions/A/Kerberos
0x00007fff36143000 	/System/Library/Frameworks/GSS.framework/Versions/A/GSS
0x00007fff6971c000 	/usr/lib/libresolv.9.dylib
0x00007fff5555e000 	/System/Library/PrivateFrameworks/Heimdal.framework/Versions/A/Heimdal
0x00007fff37ea1000 	/System/Library/Frameworks/Kerberos.framework/Versions/A/Libraries/libHeimdalProxy.dylib
0x00007fff685ac000 	/usr/lib/libheimdal-asn1.dylib
0x00007fff49cf2000 	/System/Library/PrivateFrameworks/CommonAuth.framework/Versions/A/CommonAuth
0x00007fff46fab000 	/System/Library/PrivateFrameworks/AssertionServices.framework/Versions/A/AssertionServices
0x00007fff47b41000 	/System/Library/PrivateFrameworks/AudioToolboxCore.framework/Versions/A/AudioToolboxCore
0x00007fff66ba6000 	/System/Library/PrivateFrameworks/caulk.framework/Versions/A/caulk
0x00007fff480f7000 	/System/Library/PrivateFrameworks/BaseBoard.framework/Versions/A/BaseBoard
0x00007fff5ead6000 	/System/Library/PrivateFrameworks/RunningBoardServices.framework/Versions/A/RunningBoardServices
0x00007fff5bbc9000 	/System/Library/PrivateFrameworks/PersistentConnection.framework/Versions/A/PersistentConnection
0x00007fff5e4e3000 	/System/Library/PrivateFrameworks/ProtocolBuffer.framework/Versions/A/ProtocolBuffer
0x00007fff49d0f000 	/System/Library/PrivateFrameworks/CommonUtilities.framework/Versions/A/CommonUtilities
0x00007fff48276000 	/System/Library/PrivateFrameworks/Bom.framework/Versions/A/Bom
0x00007fff67227000 	/usr/lib/libAudioToolboxUtility.dylib
0x00007fff48055000 	/System/Library/PrivateFrameworks/Backup.framework/Versions/A/Backup
0x00007fff4cab2000 	/System/Library/PrivateFrameworks/CrashReporterSupport.framework/Versions/A/CrashReporterSupport
0x00007fff6055f000 	/System/Library/PrivateFrameworks/Sharing.framework/Versions/A/Sharing
0x00007fff46758000 	/System/Library/PrivateFrameworks/Apple80211.framework/Versions/A/Apple80211
0x00007fff47d7d000 	/System/Library/PrivateFrameworks/AuthKit.framework/Versions/A/AuthKit
0x00007fff4c7e0000 	/System/Library/PrivateFrameworks/CoreUtils.framework/Versions/A/CoreUtils
0x00007fff356a9000 	/System/Library/Frameworks/CoreWLAN.framework/Versions/A/CoreWLAN
0x00007fff362ac000 	/System/Library/Frameworks/IOBluetooth.framework/Versions/A/IOBluetooth
0x00007fff598e4000 	/System/Library/PrivateFrameworks/MobileKeyBag.framework/Versions/A/MobileKeyBag
0x00007fff4b8c1000 	/System/Library/PrivateFrameworks/CorePhoneNumbers.framework/Versions/A/CorePhoneNumbers
0x00007fff469be000 	/System/Library/PrivateFrameworks/AppleIDAuthSupport.framework/Versions/A/AppleIDAuthSupport
0x00007fff39d29000 	/System/Library/Frameworks/Network.framework/Versions/A/Network
0x00007fff57ed0000 	/System/Library/PrivateFrameworks/KeychainCircle.framework/Versions/A/KeychainCircle
0x00007fff33136000 	/System/Library/Frameworks/CoreBluetooth.framework/Versions/A/CoreBluetooth
0x00007fff621b9000 	/System/Library/PrivateFrameworks/SpeechRecognitionCore.framework/Versions/A/SpeechRecognitionCore
0x000000010e000000 	/Applications/IntelliJ IDEA CE.app/Contents/jbr/Contents/Home/lib/server/libjvm.dylib
0x000000010ce27000 	/Applications/IntelliJ IDEA CE.app/Contents/jbr/Contents/Home/lib/libverify.dylib
0x000000010ce38000 	/Applications/IntelliJ IDEA CE.app/Contents/jbr/Contents/Home/lib/libjava.dylib
0x000000010ce84000 	/Applications/IntelliJ IDEA CE.app/Contents/jbr/Contents/Home/lib/libinstrument.dylib
0x000000010cf52000 	/Applications/IntelliJ IDEA CE.app/Contents/jbr/Contents/Home/lib/libzip.dylib
0x000000010cf5f000 	/Applications/IntelliJ IDEA CE.app/Contents/jbr/Contents/Home/lib/libjimage.dylib
0x000000011c102000 	/Applications/IntelliJ IDEA CE.app/Contents/jbr/Contents/Home/lib/libnio.dylib
0x000000011c115000 	/Applications/IntelliJ IDEA CE.app/Contents/jbr/Contents/Home/lib/libnet.dylib
0x000000011c1b7000 	/Applications/IntelliJ IDEA CE.app/Contents/jbr/Contents/Home/lib/libextnet.dylib
0x000000013108f000 	/Users/alexworland/.javacpp/cache/ffmpeg-macosx-x86_64.jar/org/bytedeco/javacpp/macosx-x86_64/libavutil.56.dylib
0x00007fff41190000 	/System/Library/Frameworks/VideoToolbox.framework/Versions/A/VideoToolbox
0x00007fff34877000 	/System/Library/Frameworks/CoreMedia.framework/Versions/A/CoreMedia
0x00007fff46f12000 	/System/Library/PrivateFrameworks/AppleVA.framework/Versions/A/AppleVA
0x00007fff6978d000 	/usr/lib/libspindump.dylib
0x0000000131b3d000 	/Users/alexworland/.javacpp/cache/ffmpeg-macosx-x86_64.jar/org/bytedeco/javacpp/macosx-x86_64/libjniavutil.dylib
0x00007fff37e89000 	/System/Library/Frameworks/JavaVM.framework/Versions/A/JavaVM
0x00007fff57d32000 	/System/Library/PrivateFrameworks/JavaLaunching.framework/Versions/A/JavaLaunching
0x000000011c00e000 	/Users/alexworland/.javacpp/cache/ffmpeg-macosx-x86_64.jar/org/bytedeco/javacpp/macosx-x86_64/libswresample.3.dylib
0x000000011bf9c000 	/Users/alexworland/.javacpp/cache/ffmpeg-macosx-x86_64.jar/org/bytedeco/javacpp/macosx-x86_64/libjniswresample.dylib
0x0000000131c16000 	/Users/alexworland/.javacpp/cache/ffmpeg-macosx-x86_64.jar/org/bytedeco/javacpp/macosx-x86_64/libavcodec.58.dylib
0x0000000131464000 	/Users/alexworland/.javacpp/cache/ffmpeg-macosx-x86_64.jar/org/bytedeco/javacpp/macosx-x86_64/libjniavcodec.dylib
0x00000001347aa000 	/Users/alexworland/.javacpp/cache/ffmpeg-macosx-x86_64.jar/org/bytedeco/javacpp/macosx-x86_64/libavformat.58.dylib
0x00000001318c2000 	/Users/alexworland/.javacpp/cache/ffmpeg-macosx-x86_64.jar/org/bytedeco/javacpp/macosx-x86_64/libjniavformat.dylib
0x0000000131a05000 	/Users/alexworland/.javacpp/cache/ffmpeg-macosx-x86_64.jar/org/bytedeco/javacpp/macosx-x86_64/libswscale.5.dylib
0x000000011bfda000 	/Users/alexworland/.javacpp/cache/ffmpeg-macosx-x86_64.jar/org/bytedeco/javacpp/macosx-x86_64/libjniswscale.dylib
0x000000011c0d0000 	/Users/alexworland/.javacpp/cache/ffmpeg-macosx-x86_64.jar/org/bytedeco/javacpp/macosx-x86_64/libpostproc.55.dylib
0x000000011c0f2000 	/Users/alexworland/.javacpp/cache/ffmpeg-macosx-x86_64.jar/org/bytedeco/javacpp/macosx-x86_64/libjnipostproc.dylib
0x0000000134c0a000 	/Users/alexworland/.javacpp/cache/ffmpeg-macosx-x86_64.jar/org/bytedeco/javacpp/macosx-x86_64/libavfilter.7.dylib
0x000000011c26c000 	/Users/alexworland/.javacpp/cache/ffmpeg-macosx-x86_64.jar/org/bytedeco/javacpp/macosx-x86_64/libjniavfilter.dylib
0x000000011c1bf000 	/Users/alexworland/.javacpp/cache/ffmpeg-macosx-x86_64.jar/org/bytedeco/javacpp/macosx-x86_64/libavdevice.58.dylib
0x00007fff2f057000 	/System/Library/Frameworks/AVFoundation.framework/Versions/A/AVFoundation
0x00007fff2f24f000 	/System/Library/Frameworks/AVFoundation.framework/Versions/A/Frameworks/AVFAudio.framework/Versions/A/AVFAudio
0x00007fff58d5d000 	/System/Library/PrivateFrameworks/MediaExperience.framework/Versions/A/MediaExperience
0x00007fff38305000 	/System/Library/Frameworks/MediaToolbox.framework/Versions/A/MediaToolbox
0x00007fff34952000 	/System/Library/Frameworks/CoreMediaIO.framework/Versions/A/CoreMediaIO
0x00007fff6721a000 	/usr/lib/libAudioStatistics.dylib
0x00007fff66f3b000 	/System/Library/PrivateFrameworks/perfdata.framework/Versions/A/perfdata
0x00007fff696d8000 	/usr/lib/libperfcheck.dylib
0x00007fff67707000 	/usr/lib/libSMC.dylib
0x00007fff474ec000 	/System/Library/PrivateFrameworks/AudioResourceArbitration.framework/Versions/A/AudioResourceArbitration
0x00007fff4a7dc000 	/System/Library/PrivateFrameworks/CoreAVCHD.framework/Versions/A/CoreAVCHD
0x00007fff38232000 	/System/Library/Frameworks/MediaAccessibility.framework/Versions/A/MediaAccessibility
0x00007fff58b02000 	/System/Library/PrivateFrameworks/Mangrove.framework/Versions/A/Mangrove
0x00007fff4a406000 	/System/Library/PrivateFrameworks/CoreAUC.framework/Versions/A/CoreAUC
0x000000011c1f4000 	/Users/alexworland/.javacpp/cache/ffmpeg-macosx-x86_64.jar/org/bytedeco/javacpp/macosx-x86_64/libjniavdevice.dylib
0x000000011c035000 	/Applications/IntelliJ IDEA CE.app/Contents/jbr/Contents/Home/lib/libjsound.dylib
0x00007fff34520000 	/System/Library/Frameworks/CoreMIDI.framework/Versions/A/CoreMIDI
0x000000011c095000 	/System/Library/Extensions/AppleHDA.kext/Contents/PlugIns/AppleHDAHALPlugIn.bundle/Contents/MacOS/AppleHDAHALPlugIn
0x000000011c049000 	/Applications/IntelliJ IDEA CE.app/Contents/jbr/Contents/Home/lib/libprefs.dylib
0x00000001368a7000 	/System/Library/Components/CoreAudio.component/Contents/MacOS/CoreAudio
0x00007fff47a29000 	/System/Library/PrivateFrameworks/AudioSession.framework/Versions/A/AudioSession
0x00007fff47a7b000 	/System/Library/PrivateFrameworks/AudioSession.framework/libSessionUtility.dylib
0x00007fff4c037000 	/System/Library/PrivateFrameworks/CoreServicesInternal.framework/Versions/A/CoreServicesInternal


VM Arguments:
jvm_args: -javaagent:/Users/alexworland/Library/Caches/IdeaIC2019.2/testAgent/intellij-coverage-agent-1.0.508.jar=/private/var/folders/02/13p03_t92c73m790kz679x6c0000gn/T/coverage1args -javaagent:/Applications/IntelliJ IDEA CE.app/Contents/lib/idea_rt.jar=62340:/Applications/IntelliJ IDEA CE.app/Contents/bin -Dfile.encoding=UTF-8 
java_command: Main
java_class_path (initial): /Users/alexworland/Documents/IdeaProjects/TimelapseSoundtrack/out/production/TimelapseSoundtrack:/Users/alexworland/Documents/IdeaProjects/TimelapseSoundtrack/marvin/framework/marvin_1.5.5.jar:/Users/alexworland/Documents/IdeaProjects/TimelapseSoundtrack/MarvinEditor_1/MarvinEditor_1.3.1.jar:/Users/alexworland/Documents/IdeaProjects/TimelapseSoundtrack/javacv.jar:/Users/alexworland/Documents/IdeaProjects/TimelapseSoundtrack/opencv.jar:/Users/alexworland/Documents/IdeaProjects/TimelapseSoundtrack/ffmpeg.jar:/Users/alexworland/Documents/IdeaProjects/TimelapseSoundtrack/javacpp.jar:/Users/alexworland/Documents/IdeaProjects/TimelapseSoundtrack/ffmpeg-3.0.2-1.2.jar
Launcher Type: SUN_STANDARD

[Global flags]
     intx CICompilerCount                          = 4                                         {product} {ergonomic}
     uint ConcGCThreads                            = 2                                         {product} {ergonomic}
     uint G1ConcRefinementThreads                  = 8                                         {product} {ergonomic}
   size_t G1HeapRegionSize                         = 1048576                                   {product} {ergonomic}
    uintx GCDrainStackTargetSize                   = 64                                        {product} {ergonomic}
   size_t InitialHeapSize                          = 268435456                                 {product} {ergonomic}
   size_t MarkStackSize                            = 4194304                                   {product} {ergonomic}
   size_t MaxHeapSize                              = 4294967296                                {product} {ergonomic}
   size_t MaxNewSize                               = 2576351232                                {product} {ergonomic}
   size_t MinHeapDeltaBytes                        = 1048576                                   {product} {ergonomic}
    uintx NonNMethodCodeHeapSize                   = 5835340                                {pd product} {ergonomic}
    uintx NonProfiledCodeHeapSize                  = 122911450                              {pd product} {ergonomic}
    uintx ProfiledCodeHeapSize                     = 122911450                              {pd product} {ergonomic}
    uintx ReservedCodeCacheSize                    = 251658240                              {pd product} {ergonomic}
     bool SegmentedCodeCache                       = true                                      {product} {ergonomic}
     bool UseCompressedClassPointers               = true                                 {lp64_product} {ergonomic}
     bool UseCompressedOops                        = true                                 {lp64_product} {ergonomic}
     bool UseG1GC                                  = true                                      {product} {ergonomic}

Logging:
Log output configuration:
 #0: stdout all=warning uptime,level,tags
 #1: stderr all=off uptime,level,tags

Environment Variables:
PATH=/usr/local/bin:/usr/bin:/bin:/usr/sbin:/sbin:/Library/Apple/usr/bin:/Library/Apple/bin
SHELL=/bin/bash

Signal Handlers:
SIGSEGV: [libjvm.dylib+0x73de8a], sa_mask[0]=11111111011111110111111111111111, sa_flags=SA_ONSTACK|SA_RESTART|SA_SIGINFO
SIGBUS: [libjvm.dylib+0x73de8a], sa_mask[0]=11111111011111110111111111111111, sa_flags=SA_RESTART|SA_SIGINFO
SIGFPE: [libjvm.dylib+0x73de8a], sa_mask[0]=11111111011111110111111111111111, sa_flags=SA_RESTART|SA_SIGINFO
SIGPIPE: [libjvm.dylib+0x5f061e], sa_mask[0]=11111111011111110111111111111111, sa_flags=SA_RESTART|SA_SIGINFO
SIGXFSZ: [libjvm.dylib+0x5f061e], sa_mask[0]=11111111011111110111111111111111, sa_flags=SA_RESTART|SA_SIGINFO
SIGILL: [libjvm.dylib+0x73de8a], sa_mask[0]=11111111011111110111111111111111, sa_flags=SA_RESTART|SA_SIGINFO
SIGUSR2: [libjvm.dylib+0x5f0c03], sa_mask[0]=00100000000000000000000000000000, sa_flags=SA_RESTART|SA_SIGINFO
SIGHUP: [libjvm.dylib+0x5ef655], sa_mask[0]=11111111011111110111111111111111, sa_flags=SA_RESTART|SA_SIGINFO
SIGINT: [libjvm.dylib+0x5ef655], sa_mask[0]=11111111011111110111111111111111, sa_flags=SA_RESTART|SA_SIGINFO
SIGTERM: [libjvm.dylib+0x5ef655], sa_mask[0]=11111111011111110111111111111111, sa_flags=SA_RESTART|SA_SIGINFO
SIGQUIT: [libjvm.dylib+0x5ef655], sa_mask[0]=11111111011111110111111111111111, sa_flags=SA_RESTART|SA_SIGINFO


---------------  S Y S T E M  ---------------

OS:uname:Darwin 19.0.0 Darwin Kernel Version 19.0.0: Wed Sep 25 20:18:50 PDT 2019; root:xnu-6153.11.26~2/RELEASE_X86_64 x86_64
rlimit: STACK 8192k, CORE 0k, NPROC 2784, NOFILE 10240, AS infinity, DATA infinity, FSIZE infinity
load average:3.78 3.37 3.43

CPU:total 8 (initial active 8) (4 cores per cpu, 2 threads per core) family 6 model 94 stepping 3, cmov, cx8, fxsr, mmx, sse, sse2, sse3, ssse3, sse4.1, sse4.2, popcnt, avx, avx2, aes, clmul, erms, rtm, 3dnowpref, lzcnt, ht, tsc, tscinvbit, bmi1, bmi2, adx, fma

Memory: 4k page, physical 16777216k(244856k free)

vm_info: OpenJDK 64-Bit Server VM (11.0.4+10-b304.77) for bsd-amd64 JRE (11.0.4+10-b304.77), built on Oct 10 2019 05:15:48 by "builduser" with gcc 4.2.1 Compatible Apple LLVM 9.1.0 (clang-902.0.39.2)

END.
